;  LST file generated by mikroListExporter - v.2.0 
; Date/Time: 3/03/2023 19:27:27
;----------------------------------------------

;Address Opcode 	ASM
0x0000	0x2A6D      	GOTO       621
_Delay_1us:
;__Lib_Delays.c,7 :: 		void Delay_1us() {
;__Lib_Delays.c,8 :: 		Delay_us(1);
0x0003	0x0000      	NOP
;__Lib_Delays.c,9 :: 		}
L_end_Delay_1us:
0x0004	0x0008      	RETURN
; end of _Delay_1us
_Delay_5500us:
;__Lib_Delays.c,31 :: 		void Delay_5500us() {
;__Lib_Delays.c,32 :: 		Delay_us(5500);
0x0005	0x3008      	MOVLW      8
0x0006	0x1283      	BCF        STATUS, 5
0x0007	0x1303      	BCF        STATUS, 6
0x0008	0x00FC      	MOVWF      R12
0x0009	0x3023      	MOVLW      35
0x000A	0x00FD      	MOVWF      R13
L_Delay_5500us5:
0x000B	0x0BFD      	DECFSZ     R13, 1
0x000C	0x280B      	GOTO       L_Delay_5500us5
0x000D	0x0BFC      	DECFSZ     R12, 1
0x000E	0x280B      	GOTO       L_Delay_5500us5
;__Lib_Delays.c,33 :: 		}
L_end_Delay_5500us:
0x000F	0x0008      	RETURN
; end of _Delay_5500us
_Delay_50us:
;__Lib_Delays.c,19 :: 		void Delay_50us() {
;__Lib_Delays.c,20 :: 		Delay_us(50);
0x0010	0x3010      	MOVLW      16
0x0011	0x1283      	BCF        STATUS, 5
0x0012	0x1303      	BCF        STATUS, 6
0x0013	0x00FD      	MOVWF      R13
L_Delay_50us2:
0x0014	0x0BFD      	DECFSZ     R13, 1
0x0015	0x2814      	GOTO       L_Delay_50us2
0x0016	0x0000      	NOP
;__Lib_Delays.c,21 :: 		}
L_end_Delay_50us:
0x0017	0x0008      	RETURN
; end of _Delay_50us
_Lcd_Cmd:
;__Lib_Lcd.c,18 :: 		
;__Lib_Lcd.c,20 :: 		
0x0018	0x1283      	BCF        STATUS, 5
0x0019	0x1303      	BCF        STATUS, 6
0x001A	0x1BB1      	BTFSC      FARG_Lcd_Cmd_out_char, 7
0x001B	0x281E      	GOTO       L__Lcd_Cmd21
0x001C	0x1186      	BCF        LCD_D7, BitPos(LCD_D7+0)
0x001D	0x281F      	GOTO       L__Lcd_Cmd22
L__Lcd_Cmd21:
0x001E	0x1586      	BSF        LCD_D7, BitPos(LCD_D7+0)
L__Lcd_Cmd22:
;__Lib_Lcd.c,21 :: 		
0x001F	0x1B31      	BTFSC      FARG_Lcd_Cmd_out_char, 6
0x0020	0x2823      	GOTO       L__Lcd_Cmd23
0x0021	0x1106      	BCF        LCD_D6, BitPos(LCD_D6+0)
0x0022	0x2824      	GOTO       L__Lcd_Cmd24
L__Lcd_Cmd23:
0x0023	0x1506      	BSF        LCD_D6, BitPos(LCD_D6+0)
L__Lcd_Cmd24:
;__Lib_Lcd.c,22 :: 		
0x0024	0x1AB1      	BTFSC      FARG_Lcd_Cmd_out_char, 5
0x0025	0x2828      	GOTO       L__Lcd_Cmd25
0x0026	0x1086      	BCF        LCD_D5, BitPos(LCD_D5+0)
0x0027	0x2829      	GOTO       L__Lcd_Cmd26
L__Lcd_Cmd25:
0x0028	0x1486      	BSF        LCD_D5, BitPos(LCD_D5+0)
L__Lcd_Cmd26:
;__Lib_Lcd.c,23 :: 		
0x0029	0x1A31      	BTFSC      FARG_Lcd_Cmd_out_char, 4
0x002A	0x282D      	GOTO       L__Lcd_Cmd27
0x002B	0x1006      	BCF        LCD_D4, BitPos(LCD_D4+0)
0x002C	0x282E      	GOTO       L__Lcd_Cmd28
L__Lcd_Cmd27:
0x002D	0x1406      	BSF        LCD_D4, BitPos(LCD_D4+0)
L__Lcd_Cmd28:
;__Lib_Lcd.c,25 :: 		
0x002E	0x1829      	BTFSC      __Lib_Lcd_cmd_status, BitPos(__Lib_Lcd_cmd_status+0)
0x002F	0x2832      	GOTO       L__Lcd_Cmd29
0x0030	0x1606      	BSF        LCD_RS, BitPos(LCD_RS+0)
0x0031	0x2833      	GOTO       L__Lcd_Cmd30
L__Lcd_Cmd29:
0x0032	0x1206      	BCF        LCD_RS, BitPos(LCD_RS+0)
L__Lcd_Cmd30:
;__Lib_Lcd.c,28 :: 		
0x0033	0x1686      	BSF        LCD_EN, BitPos(LCD_EN+0)
;__Lib_Lcd.c,29 :: 		
0x0034	0x2003      	CALL       _Delay_1us
;__Lib_Lcd.c,30 :: 		
0x0035	0x1286      	BCF        LCD_EN, BitPos(LCD_EN+0)
;__Lib_Lcd.c,33 :: 		
0x0036	0x19B1      	BTFSC      FARG_Lcd_Cmd_out_char, 3
0x0037	0x283A      	GOTO       L__Lcd_Cmd31
0x0038	0x1186      	BCF        LCD_D7, BitPos(LCD_D7+0)
0x0039	0x283B      	GOTO       L__Lcd_Cmd32
L__Lcd_Cmd31:
0x003A	0x1586      	BSF        LCD_D7, BitPos(LCD_D7+0)
L__Lcd_Cmd32:
;__Lib_Lcd.c,34 :: 		
0x003B	0x1931      	BTFSC      FARG_Lcd_Cmd_out_char, 2
0x003C	0x283F      	GOTO       L__Lcd_Cmd33
0x003D	0x1106      	BCF        LCD_D6, BitPos(LCD_D6+0)
0x003E	0x2840      	GOTO       L__Lcd_Cmd34
L__Lcd_Cmd33:
0x003F	0x1506      	BSF        LCD_D6, BitPos(LCD_D6+0)
L__Lcd_Cmd34:
;__Lib_Lcd.c,35 :: 		
0x0040	0x18B1      	BTFSC      FARG_Lcd_Cmd_out_char, 1
0x0041	0x2844      	GOTO       L__Lcd_Cmd35
0x0042	0x1086      	BCF        LCD_D5, BitPos(LCD_D5+0)
0x0043	0x2845      	GOTO       L__Lcd_Cmd36
L__Lcd_Cmd35:
0x0044	0x1486      	BSF        LCD_D5, BitPos(LCD_D5+0)
L__Lcd_Cmd36:
;__Lib_Lcd.c,36 :: 		
0x0045	0x1831      	BTFSC      FARG_Lcd_Cmd_out_char, 0
0x0046	0x2849      	GOTO       L__Lcd_Cmd37
0x0047	0x1006      	BCF        LCD_D4, BitPos(LCD_D4+0)
0x0048	0x284A      	GOTO       L__Lcd_Cmd38
L__Lcd_Cmd37:
0x0049	0x1406      	BSF        LCD_D4, BitPos(LCD_D4+0)
L__Lcd_Cmd38:
;__Lib_Lcd.c,38 :: 		
0x004A	0x1829      	BTFSC      __Lib_Lcd_cmd_status, BitPos(__Lib_Lcd_cmd_status+0)
0x004B	0x284E      	GOTO       L__Lcd_Cmd39
0x004C	0x1606      	BSF        LCD_RS, BitPos(LCD_RS+0)
0x004D	0x284F      	GOTO       L__Lcd_Cmd40
L__Lcd_Cmd39:
0x004E	0x1206      	BCF        LCD_RS, BitPos(LCD_RS+0)
L__Lcd_Cmd40:
;__Lib_Lcd.c,40 :: 		
0x004F	0x1686      	BSF        LCD_EN, BitPos(LCD_EN+0)
;__Lib_Lcd.c,41 :: 		
0x0050	0x2003      	CALL       _Delay_1us
;__Lib_Lcd.c,42 :: 		
0x0051	0x1286      	BCF        LCD_EN, BitPos(LCD_EN+0)
;__Lib_Lcd.c,44 :: 		
0x0052	0x1C29      	BTFSS      __Lib_Lcd_cmd_status, BitPos(__Lib_Lcd_cmd_status+0)
0x0053	0x2856      	GOTO       L_Lcd_Cmd0
;__Lib_Lcd.c,45 :: 		
0x0054	0x2005      	CALL       _Delay_5500us
0x0055	0x2857      	GOTO       L_Lcd_Cmd1
L_Lcd_Cmd0:
;__Lib_Lcd.c,47 :: 		
0x0056	0x2010      	CALL       _Delay_50us
L_Lcd_Cmd1:
;__Lib_Lcd.c,48 :: 		
L_end_Lcd_Cmd:
0x0057	0x0008      	RETURN
; end of _Lcd_Cmd
_____DoICP:
;__Lib_System.c,6 :: 		
;__Lib_System.c,9 :: 		
0x0058	0x1283      	BCF        STATUS, 5
0x0059	0x1303      	BCF        STATUS, 6
0x005A	0x0828      	MOVF       ___DoICPAddr+1, 0
0x005B	0x008A      	MOVWF      PCLATH
;__Lib_System.c,10 :: 		
0x005C	0x0827      	MOVF       ___DoICPAddr, 0
0x005D	0x0082      	MOVWF      PCL
;__Lib_System.c,12 :: 		
L_end_____DoICP:
0x005E	0x0008      	RETURN
; end of _____DoICP
_Lcd_Chr_CP:
;__Lib_Lcd.c,50 :: 		
;__Lib_Lcd.c,52 :: 		
0x005F	0x1283      	BCF        STATUS, 5
0x0060	0x1303      	BCF        STATUS, 6
0x0061	0x1029      	BCF        __Lib_Lcd_cmd_status, BitPos(__Lib_Lcd_cmd_status+0)
;__Lib_Lcd.c,53 :: 		
0x0062	0x082E      	MOVF       FARG_Lcd_Chr_CP_out_char, 0
0x0063	0x00B1      	MOVWF      FARG_Lcd_Cmd_out_char
0x0064	0x2018      	CALL       _Lcd_Cmd
;__Lib_Lcd.c,54 :: 		
0x0065	0x1429      	BSF        __Lib_Lcd_cmd_status, BitPos(__Lib_Lcd_cmd_status+0)
;__Lib_Lcd.c,55 :: 		
L_end_Lcd_Chr_CP:
0x0066	0x0008      	RETURN
; end of _Lcd_Chr_CP
_Lcd_Chr:
;__Lib_Lcd.c,65 :: 		
;__Lib_Lcd.c,66 :: 		
0x0067	0x2879      	GOTO       L_Lcd_Chr4
;__Lib_Lcd.c,67 :: 		
L_Lcd_Chr6:
0x0068	0x3080      	MOVLW      128
0x0069	0x1283      	BCF        STATUS, 5
0x006A	0x1303      	BCF        STATUS, 6
0x006B	0x00AE      	MOVWF      FARG_Lcd_Chr_row
0x006C	0x288C      	GOTO       L_Lcd_Chr5
;__Lib_Lcd.c,68 :: 		
L_Lcd_Chr7:
0x006D	0x30C0      	MOVLW      192
0x006E	0x00AE      	MOVWF      FARG_Lcd_Chr_row
0x006F	0x288C      	GOTO       L_Lcd_Chr5
;__Lib_Lcd.c,69 :: 		
L_Lcd_Chr8:
0x0070	0x3094      	MOVLW      148
0x0071	0x00AE      	MOVWF      FARG_Lcd_Chr_row
0x0072	0x288C      	GOTO       L_Lcd_Chr5
;__Lib_Lcd.c,70 :: 		
L_Lcd_Chr9:
0x0073	0x30D4      	MOVLW      212
0x0074	0x00AE      	MOVWF      FARG_Lcd_Chr_row
0x0075	0x288C      	GOTO       L_Lcd_Chr5
;__Lib_Lcd.c,71 :: 		
L_Lcd_Chr10:
0x0076	0x3080      	MOVLW      128
0x0077	0x00AE      	MOVWF      FARG_Lcd_Chr_row
;__Lib_Lcd.c,72 :: 		
0x0078	0x288C      	GOTO       L_Lcd_Chr5
L_Lcd_Chr4:
0x0079	0x1283      	BCF        STATUS, 5
0x007A	0x1303      	BCF        STATUS, 6
0x007B	0x082E      	MOVF       FARG_Lcd_Chr_row, 0
0x007C	0x3A01      	XORLW      1
0x007D	0x1903      	BTFSC      STATUS, 2
0x007E	0x2868      	GOTO       L_Lcd_Chr6
0x007F	0x082E      	MOVF       FARG_Lcd_Chr_row, 0
0x0080	0x3A02      	XORLW      2
0x0081	0x1903      	BTFSC      STATUS, 2
0x0082	0x286D      	GOTO       L_Lcd_Chr7
0x0083	0x082E      	MOVF       FARG_Lcd_Chr_row, 0
0x0084	0x3A03      	XORLW      3
0x0085	0x1903      	BTFSC      STATUS, 2
0x0086	0x2870      	GOTO       L_Lcd_Chr8
0x0087	0x082E      	MOVF       FARG_Lcd_Chr_row, 0
0x0088	0x3A04      	XORLW      4
0x0089	0x1903      	BTFSC      STATUS, 2
0x008A	0x2873      	GOTO       L_Lcd_Chr9
0x008B	0x2876      	GOTO       L_Lcd_Chr10
L_Lcd_Chr5:
;__Lib_Lcd.c,74 :: 		
0x008C	0x032F      	DECF       FARG_Lcd_Chr_column, 0
0x008D	0x00F0      	MOVWF      R0
0x008E	0x082E      	MOVF       FARG_Lcd_Chr_row, 0
0x008F	0x07F0      	ADDWF      R0, 1
0x0090	0x0870      	MOVF       R0, 0
0x0091	0x00AE      	MOVWF      FARG_Lcd_Chr_row
;__Lib_Lcd.c,76 :: 		
0x0092	0x1429      	BSF        __Lib_Lcd_cmd_status, BitPos(__Lib_Lcd_cmd_status+0)
;__Lib_Lcd.c,77 :: 		
0x0093	0x0870      	MOVF       R0, 0
0x0094	0x00B1      	MOVWF      FARG_Lcd_Cmd_out_char
0x0095	0x2018      	CALL       _Lcd_Cmd
;__Lib_Lcd.c,79 :: 		
0x0096	0x1029      	BCF        __Lib_Lcd_cmd_status, BitPos(__Lib_Lcd_cmd_status+0)
;__Lib_Lcd.c,80 :: 		
0x0097	0x0830      	MOVF       FARG_Lcd_Chr_out_char, 0
0x0098	0x00B1      	MOVWF      FARG_Lcd_Cmd_out_char
0x0099	0x2018      	CALL       _Lcd_Cmd
;__Lib_Lcd.c,81 :: 		
0x009A	0x1429      	BSF        __Lib_Lcd_cmd_status, BitPos(__Lib_Lcd_cmd_status+0)
;__Lib_Lcd.c,82 :: 		
L_end_Lcd_Chr:
0x009B	0x0008      	RETURN
; end of _Lcd_Chr
_CustomChar221:
;signalSpecial.c,98 :: 		void CustomChar221(char pos_row, char pos_char) {
;signalSpecial.c,100 :: 		Lcd_Cmd(104);
0x009C	0x3068      	MOVLW      104
0x009D	0x1283      	BCF        STATUS, 5
0x009E	0x1303      	BCF        STATUS, 6
0x009F	0x00B1      	MOVWF      FARG_Lcd_Cmd_out_char
0x00A0	0x2018      	CALL       _Lcd_Cmd
;signalSpecial.c,101 :: 		for (i = 0; i<=7; i++) Lcd_Chr_CP(character22[i]);
0x00A1	0x01AC      	CLRF       CustomChar221_i_L0
L_CustomChar22121:
0x00A2	0x082C      	MOVF       CustomChar221_i_L0, 0
0x00A3	0x3C07      	SUBLW      7
0x00A4	0x1C03      	BTFSS      STATUS, 0
0x00A5	0x28B8      	GOTO       L_CustomChar22122
0x00A6	0x082C      	MOVF       CustomChar221_i_L0, 0
0x00A7	0x3ECF      	ADDLW      _character22
0x00A8	0x00F0      	MOVWF      R0
0x00A9	0x3002      	MOVLW      hi_addr(_character22)
0x00AA	0x1803      	BTFSC      STATUS, 0
0x00AB	0x3E01      	ADDLW      1
0x00AC	0x00F1      	MOVWF      R0+1
0x00AD	0x0870      	MOVF       R0, 0
0x00AE	0x00A7      	MOVWF      ___DoICPAddr
0x00AF	0x0871      	MOVF       R0+1, 0
0x00B0	0x00A8      	MOVWF      ___DoICPAddr+1
0x00B1	0x2058      	CALL       _____DoICP
0x00B2	0x118A      	BCF        PCLATH, 3
0x00B3	0x120A      	BCF        PCLATH, 4
0x00B4	0x00AE      	MOVWF      FARG_Lcd_Chr_CP_out_char
0x00B5	0x205F      	CALL       _Lcd_Chr_CP
0x00B6	0x0AAC      	INCF       CustomChar221_i_L0, 1
0x00B7	0x28A2      	GOTO       L_CustomChar22121
L_CustomChar22122:
;signalSpecial.c,102 :: 		Lcd_Cmd(_LCD_RETURN_HOME);
0x00B8	0x3002      	MOVLW      2
0x00B9	0x00B1      	MOVWF      FARG_Lcd_Cmd_out_char
0x00BA	0x2018      	CALL       _Lcd_Cmd
;signalSpecial.c,103 :: 		Lcd_Chr(pos_row, pos_char, 5);
0x00BB	0x082A      	MOVF       FARG_CustomChar221_pos_row, 0
0x00BC	0x00AE      	MOVWF      FARG_Lcd_Chr_row
0x00BD	0x082B      	MOVF       FARG_CustomChar221_pos_char, 0
0x00BE	0x00AF      	MOVWF      FARG_Lcd_Chr_column
0x00BF	0x3005      	MOVLW      5
0x00C0	0x00B0      	MOVWF      FARG_Lcd_Chr_out_char
0x00C1	0x2067      	CALL       _Lcd_Chr
;signalSpecial.c,104 :: 		}
L_end_CustomChar221:
0x00C2	0x0008      	RETURN
; end of _CustomChar221
_CustomChar131:
;signalSpecial.c,68 :: 		void CustomChar131(char pos_row, char pos_char) {
;signalSpecial.c,70 :: 		Lcd_Cmd(80);
0x00C3	0x3050      	MOVLW      80
0x00C4	0x1283      	BCF        STATUS, 5
0x00C5	0x1303      	BCF        STATUS, 6
0x00C6	0x00B1      	MOVWF      FARG_Lcd_Cmd_out_char
0x00C7	0x2018      	CALL       _Lcd_Cmd
;signalSpecial.c,71 :: 		for (i = 0; i<=7; i++) Lcd_Chr_CP(character13[i]);
0x00C8	0x01AC      	CLRF       CustomChar131_i_L0
L_CustomChar13112:
0x00C9	0x082C      	MOVF       CustomChar131_i_L0, 0
0x00CA	0x3C07      	SUBLW      7
0x00CB	0x1C03      	BTFSS      STATUS, 0
0x00CC	0x28DF      	GOTO       L_CustomChar13113
0x00CD	0x082C      	MOVF       CustomChar131_i_L0, 0
0x00CE	0x3EDF      	ADDLW      _character13
0x00CF	0x00F0      	MOVWF      R0
0x00D0	0x3002      	MOVLW      hi_addr(_character13)
0x00D1	0x1803      	BTFSC      STATUS, 0
0x00D2	0x3E01      	ADDLW      1
0x00D3	0x00F1      	MOVWF      R0+1
0x00D4	0x0870      	MOVF       R0, 0
0x00D5	0x00A7      	MOVWF      ___DoICPAddr
0x00D6	0x0871      	MOVF       R0+1, 0
0x00D7	0x00A8      	MOVWF      ___DoICPAddr+1
0x00D8	0x2058      	CALL       _____DoICP
0x00D9	0x118A      	BCF        PCLATH, 3
0x00DA	0x120A      	BCF        PCLATH, 4
0x00DB	0x00AE      	MOVWF      FARG_Lcd_Chr_CP_out_char
0x00DC	0x205F      	CALL       _Lcd_Chr_CP
0x00DD	0x0AAC      	INCF       CustomChar131_i_L0, 1
0x00DE	0x28C9      	GOTO       L_CustomChar13112
L_CustomChar13113:
;signalSpecial.c,72 :: 		Lcd_Cmd(_LCD_RETURN_HOME);
0x00DF	0x3002      	MOVLW      2
0x00E0	0x00B1      	MOVWF      FARG_Lcd_Cmd_out_char
0x00E1	0x2018      	CALL       _Lcd_Cmd
;signalSpecial.c,73 :: 		Lcd_Chr(pos_row, pos_char, 2);
0x00E2	0x082A      	MOVF       FARG_CustomChar131_pos_row, 0
0x00E3	0x00AE      	MOVWF      FARG_Lcd_Chr_row
0x00E4	0x082B      	MOVF       FARG_CustomChar131_pos_char, 0
0x00E5	0x00AF      	MOVWF      FARG_Lcd_Chr_column
0x00E6	0x3002      	MOVLW      2
0x00E7	0x00B0      	MOVWF      FARG_Lcd_Chr_out_char
0x00E8	0x2067      	CALL       _Lcd_Chr
;signalSpecial.c,74 :: 		}
L_end_CustomChar131:
0x00E9	0x0008      	RETURN
; end of _CustomChar131
_CustomChar111:
;signalSpecial.c,48 :: 		void CustomChar111(char pos_row, char pos_char) {
;signalSpecial.c,50 :: 		Lcd_Cmd(64);
0x00EA	0x3040      	MOVLW      64
0x00EB	0x1283      	BCF        STATUS, 5
0x00EC	0x1303      	BCF        STATUS, 6
0x00ED	0x00B1      	MOVWF      FARG_Lcd_Cmd_out_char
0x00EE	0x2018      	CALL       _Lcd_Cmd
;signalSpecial.c,51 :: 		for (i = 0; i<=7; i++) Lcd_Chr_CP(character11[i]);
0x00EF	0x01AC      	CLRF       CustomChar111_i_L0
L_CustomChar1116:
0x00F0	0x082C      	MOVF       CustomChar111_i_L0, 0
0x00F1	0x3C07      	SUBLW      7
0x00F2	0x1C03      	BTFSS      STATUS, 0
0x00F3	0x2906      	GOTO       L_CustomChar1117
0x00F4	0x082C      	MOVF       CustomChar111_i_L0, 0
0x00F5	0x3EEF      	ADDLW      _character11
0x00F6	0x00F0      	MOVWF      R0
0x00F7	0x3002      	MOVLW      hi_addr(_character11)
0x00F8	0x1803      	BTFSC      STATUS, 0
0x00F9	0x3E01      	ADDLW      1
0x00FA	0x00F1      	MOVWF      R0+1
0x00FB	0x0870      	MOVF       R0, 0
0x00FC	0x00A7      	MOVWF      ___DoICPAddr
0x00FD	0x0871      	MOVF       R0+1, 0
0x00FE	0x00A8      	MOVWF      ___DoICPAddr+1
0x00FF	0x2058      	CALL       _____DoICP
0x0100	0x118A      	BCF        PCLATH, 3
0x0101	0x120A      	BCF        PCLATH, 4
0x0102	0x00AE      	MOVWF      FARG_Lcd_Chr_CP_out_char
0x0103	0x205F      	CALL       _Lcd_Chr_CP
0x0104	0x0AAC      	INCF       CustomChar111_i_L0, 1
0x0105	0x28F0      	GOTO       L_CustomChar1116
L_CustomChar1117:
;signalSpecial.c,52 :: 		Lcd_Cmd(_LCD_RETURN_HOME);
0x0106	0x3002      	MOVLW      2
0x0107	0x00B1      	MOVWF      FARG_Lcd_Cmd_out_char
0x0108	0x2018      	CALL       _Lcd_Cmd
;signalSpecial.c,53 :: 		Lcd_Chr(pos_row, pos_char, 0);
0x0109	0x082A      	MOVF       FARG_CustomChar111_pos_row, 0
0x010A	0x00AE      	MOVWF      FARG_Lcd_Chr_row
0x010B	0x082B      	MOVF       FARG_CustomChar111_pos_char, 0
0x010C	0x00AF      	MOVWF      FARG_Lcd_Chr_column
0x010D	0x01B0      	CLRF       FARG_Lcd_Chr_out_char
0x010E	0x2067      	CALL       _Lcd_Chr
;signalSpecial.c,54 :: 		}
L_end_CustomChar111:
0x010F	0x0008      	RETURN
; end of _CustomChar111
_CustomChar141:
;signalSpecial.c,78 :: 		void CustomChar141(char pos_row, char pos_char) {
;signalSpecial.c,80 :: 		Lcd_Cmd(88);
0x0110	0x3058      	MOVLW      88
0x0111	0x1283      	BCF        STATUS, 5
0x0112	0x1303      	BCF        STATUS, 6
0x0113	0x00B1      	MOVWF      FARG_Lcd_Cmd_out_char
0x0114	0x2018      	CALL       _Lcd_Cmd
;signalSpecial.c,81 :: 		for (i = 0; i<=7; i++) Lcd_Chr_CP(character14[i]);
0x0115	0x01AC      	CLRF       CustomChar141_i_L0
L_CustomChar14115:
0x0116	0x082C      	MOVF       CustomChar141_i_L0, 0
0x0117	0x3C07      	SUBLW      7
0x0118	0x1C03      	BTFSS      STATUS, 0
0x0119	0x292C      	GOTO       L_CustomChar14116
0x011A	0x082C      	MOVF       CustomChar141_i_L0, 0
0x011B	0x3ED7      	ADDLW      _character14
0x011C	0x00F0      	MOVWF      R0
0x011D	0x3002      	MOVLW      hi_addr(_character14)
0x011E	0x1803      	BTFSC      STATUS, 0
0x011F	0x3E01      	ADDLW      1
0x0120	0x00F1      	MOVWF      R0+1
0x0121	0x0870      	MOVF       R0, 0
0x0122	0x00A7      	MOVWF      ___DoICPAddr
0x0123	0x0871      	MOVF       R0+1, 0
0x0124	0x00A8      	MOVWF      ___DoICPAddr+1
0x0125	0x2058      	CALL       _____DoICP
0x0126	0x118A      	BCF        PCLATH, 3
0x0127	0x120A      	BCF        PCLATH, 4
0x0128	0x00AE      	MOVWF      FARG_Lcd_Chr_CP_out_char
0x0129	0x205F      	CALL       _Lcd_Chr_CP
0x012A	0x0AAC      	INCF       CustomChar141_i_L0, 1
0x012B	0x2916      	GOTO       L_CustomChar14115
L_CustomChar14116:
;signalSpecial.c,82 :: 		Lcd_Cmd(_LCD_RETURN_HOME);
0x012C	0x3002      	MOVLW      2
0x012D	0x00B1      	MOVWF      FARG_Lcd_Cmd_out_char
0x012E	0x2018      	CALL       _Lcd_Cmd
;signalSpecial.c,83 :: 		Lcd_Chr(pos_row, pos_char, 3);
0x012F	0x082A      	MOVF       FARG_CustomChar141_pos_row, 0
0x0130	0x00AE      	MOVWF      FARG_Lcd_Chr_row
0x0131	0x082B      	MOVF       FARG_CustomChar141_pos_char, 0
0x0132	0x00AF      	MOVWF      FARG_Lcd_Chr_column
0x0133	0x3003      	MOVLW      3
0x0134	0x00B0      	MOVWF      FARG_Lcd_Chr_out_char
0x0135	0x2067      	CALL       _Lcd_Chr
;signalSpecial.c,84 :: 		}
L_end_CustomChar141:
0x0136	0x0008      	RETURN
; end of _CustomChar141
_CustomChar241:
;signalSpecial.c,118 :: 		void CustomChar241(char pos_row, char pos_char) {
;signalSpecial.c,120 :: 		Lcd_Cmd(120);
0x0137	0x3078      	MOVLW      120
0x0138	0x1283      	BCF        STATUS, 5
0x0139	0x1303      	BCF        STATUS, 6
0x013A	0x00B1      	MOVWF      FARG_Lcd_Cmd_out_char
0x013B	0x2018      	CALL       _Lcd_Cmd
;signalSpecial.c,121 :: 		for (i = 0; i<=7; i++) Lcd_Chr_CP(character24[i]);
0x013C	0x01AC      	CLRF       CustomChar241_i_L0
L_CustomChar24127:
0x013D	0x082C      	MOVF       CustomChar241_i_L0, 0
0x013E	0x3C07      	SUBLW      7
0x013F	0x1C03      	BTFSS      STATUS, 0
0x0140	0x2953      	GOTO       L_CustomChar24128
0x0141	0x082C      	MOVF       CustomChar241_i_L0, 0
0x0142	0x3EB7      	ADDLW      _character24
0x0143	0x00F0      	MOVWF      R0
0x0144	0x3002      	MOVLW      hi_addr(_character24)
0x0145	0x1803      	BTFSC      STATUS, 0
0x0146	0x3E01      	ADDLW      1
0x0147	0x00F1      	MOVWF      R0+1
0x0148	0x0870      	MOVF       R0, 0
0x0149	0x00A7      	MOVWF      ___DoICPAddr
0x014A	0x0871      	MOVF       R0+1, 0
0x014B	0x00A8      	MOVWF      ___DoICPAddr+1
0x014C	0x2058      	CALL       _____DoICP
0x014D	0x118A      	BCF        PCLATH, 3
0x014E	0x120A      	BCF        PCLATH, 4
0x014F	0x00AE      	MOVWF      FARG_Lcd_Chr_CP_out_char
0x0150	0x205F      	CALL       _Lcd_Chr_CP
0x0151	0x0AAC      	INCF       CustomChar241_i_L0, 1
0x0152	0x293D      	GOTO       L_CustomChar24127
L_CustomChar24128:
;signalSpecial.c,122 :: 		Lcd_Cmd(_LCD_RETURN_HOME);
0x0153	0x3002      	MOVLW      2
0x0154	0x00B1      	MOVWF      FARG_Lcd_Cmd_out_char
0x0155	0x2018      	CALL       _Lcd_Cmd
;signalSpecial.c,123 :: 		Lcd_Chr(pos_row, pos_char, 7);
0x0156	0x082A      	MOVF       FARG_CustomChar241_pos_row, 0
0x0157	0x00AE      	MOVWF      FARG_Lcd_Chr_row
0x0158	0x082B      	MOVF       FARG_CustomChar241_pos_char, 0
0x0159	0x00AF      	MOVWF      FARG_Lcd_Chr_column
0x015A	0x3007      	MOVLW      7
0x015B	0x00B0      	MOVWF      FARG_Lcd_Chr_out_char
0x015C	0x2067      	CALL       _Lcd_Chr
;signalSpecial.c,124 :: 		}
L_end_CustomChar241:
0x015D	0x0008      	RETURN
; end of _CustomChar241
_Lcd_Out:
;__Lib_Lcd.c,184 :: 		
;__Lib_Lcd.c,187 :: 		
0x015E	0x2970      	GOTO       L_Lcd_Out11
;__Lib_Lcd.c,188 :: 		
L_Lcd_Out13:
0x015F	0x3080      	MOVLW      128
0x0160	0x1283      	BCF        STATUS, 5
0x0161	0x1303      	BCF        STATUS, 6
0x0162	0x00AA      	MOVWF      FARG_Lcd_Out_row
0x0163	0x2983      	GOTO       L_Lcd_Out12
;__Lib_Lcd.c,189 :: 		
L_Lcd_Out14:
0x0164	0x30C0      	MOVLW      192
0x0165	0x00AA      	MOVWF      FARG_Lcd_Out_row
0x0166	0x2983      	GOTO       L_Lcd_Out12
;__Lib_Lcd.c,190 :: 		
L_Lcd_Out15:
0x0167	0x3094      	MOVLW      148
0x0168	0x00AA      	MOVWF      FARG_Lcd_Out_row
0x0169	0x2983      	GOTO       L_Lcd_Out12
;__Lib_Lcd.c,191 :: 		
L_Lcd_Out16:
0x016A	0x30D4      	MOVLW      212
0x016B	0x00AA      	MOVWF      FARG_Lcd_Out_row
0x016C	0x2983      	GOTO       L_Lcd_Out12
;__Lib_Lcd.c,192 :: 		
L_Lcd_Out17:
0x016D	0x3080      	MOVLW      128
0x016E	0x00AA      	MOVWF      FARG_Lcd_Out_row
;__Lib_Lcd.c,193 :: 		
0x016F	0x2983      	GOTO       L_Lcd_Out12
L_Lcd_Out11:
0x0170	0x1283      	BCF        STATUS, 5
0x0171	0x1303      	BCF        STATUS, 6
0x0172	0x082A      	MOVF       FARG_Lcd_Out_row, 0
0x0173	0x3A01      	XORLW      1
0x0174	0x1903      	BTFSC      STATUS, 2
0x0175	0x295F      	GOTO       L_Lcd_Out13
0x0176	0x082A      	MOVF       FARG_Lcd_Out_row, 0
0x0177	0x3A02      	XORLW      2
0x0178	0x1903      	BTFSC      STATUS, 2
0x0179	0x2964      	GOTO       L_Lcd_Out14
0x017A	0x082A      	MOVF       FARG_Lcd_Out_row, 0
0x017B	0x3A03      	XORLW      3
0x017C	0x1903      	BTFSC      STATUS, 2
0x017D	0x2967      	GOTO       L_Lcd_Out15
0x017E	0x082A      	MOVF       FARG_Lcd_Out_row, 0
0x017F	0x3A04      	XORLW      4
0x0180	0x1903      	BTFSC      STATUS, 2
0x0181	0x296A      	GOTO       L_Lcd_Out16
0x0182	0x296D      	GOTO       L_Lcd_Out17
L_Lcd_Out12:
;__Lib_Lcd.c,194 :: 		
0x0183	0x032B      	DECF       FARG_Lcd_Out_column, 0
0x0184	0x00F0      	MOVWF      R0
0x0185	0x082A      	MOVF       FARG_Lcd_Out_row, 0
0x0186	0x07F0      	ADDWF      R0, 1
0x0187	0x0870      	MOVF       R0, 0
0x0188	0x00AA      	MOVWF      FARG_Lcd_Out_row
;__Lib_Lcd.c,196 :: 		
0x0189	0x0870      	MOVF       R0, 0
0x018A	0x00B1      	MOVWF      FARG_Lcd_Cmd_out_char
0x018B	0x2018      	CALL       _Lcd_Cmd
;__Lib_Lcd.c,197 :: 		
0x018C	0x1029      	BCF        __Lib_Lcd_cmd_status, BitPos(__Lib_Lcd_cmd_status+0)
;__Lib_Lcd.c,198 :: 		
0x018D	0x01AD      	CLRF       Lcd_Out_i_L0
;__Lib_Lcd.c,199 :: 		
L_Lcd_Out18:
0x018E	0x082D      	MOVF       Lcd_Out_i_L0, 0
0x018F	0x072C      	ADDWF      FARG_Lcd_Out_text, 0
0x0190	0x0084      	MOVWF      FSR
0x0191	0x0800      	MOVF       INDF, 0
0x0192	0x1903      	BTFSC      STATUS, 2
0x0193	0x299C      	GOTO       L_Lcd_Out19
;__Lib_Lcd.c,200 :: 		
0x0194	0x082D      	MOVF       Lcd_Out_i_L0, 0
0x0195	0x072C      	ADDWF      FARG_Lcd_Out_text, 0
0x0196	0x0084      	MOVWF      FSR
0x0197	0x0800      	MOVF       INDF, 0
0x0198	0x00AE      	MOVWF      FARG_Lcd_Chr_CP_out_char
0x0199	0x205F      	CALL       _Lcd_Chr_CP
0x019A	0x0AAD      	INCF       Lcd_Out_i_L0, 1
0x019B	0x298E      	GOTO       L_Lcd_Out18
L_Lcd_Out19:
;__Lib_Lcd.c,201 :: 		
0x019C	0x1429      	BSF        __Lib_Lcd_cmd_status, BitPos(__Lib_Lcd_cmd_status+0)
;__Lib_Lcd.c,202 :: 		
L_end_Lcd_Out:
0x019D	0x0008      	RETURN
; end of _Lcd_Out
_CustomChar121:
;signalSpecial.c,58 :: 		void CustomChar121(char pos_row, char pos_char) {
;signalSpecial.c,60 :: 		Lcd_Cmd(72);
0x019E	0x3048      	MOVLW      72
0x019F	0x1283      	BCF        STATUS, 5
0x01A0	0x1303      	BCF        STATUS, 6
0x01A1	0x00B1      	MOVWF      FARG_Lcd_Cmd_out_char
0x01A2	0x2018      	CALL       _Lcd_Cmd
;signalSpecial.c,61 :: 		for (i = 0; i<=7; i++) Lcd_Chr_CP(character12[i]);
0x01A3	0x01AC      	CLRF       CustomChar121_i_L0
L_CustomChar1219:
0x01A4	0x082C      	MOVF       CustomChar121_i_L0, 0
0x01A5	0x3C07      	SUBLW      7
0x01A6	0x1C03      	BTFSS      STATUS, 0
0x01A7	0x29BA      	GOTO       L_CustomChar12110
0x01A8	0x082C      	MOVF       CustomChar121_i_L0, 0
0x01A9	0x3EE7      	ADDLW      _character12
0x01AA	0x00F0      	MOVWF      R0
0x01AB	0x3002      	MOVLW      hi_addr(_character12)
0x01AC	0x1803      	BTFSC      STATUS, 0
0x01AD	0x3E01      	ADDLW      1
0x01AE	0x00F1      	MOVWF      R0+1
0x01AF	0x0870      	MOVF       R0, 0
0x01B0	0x00A7      	MOVWF      ___DoICPAddr
0x01B1	0x0871      	MOVF       R0+1, 0
0x01B2	0x00A8      	MOVWF      ___DoICPAddr+1
0x01B3	0x2058      	CALL       _____DoICP
0x01B4	0x118A      	BCF        PCLATH, 3
0x01B5	0x120A      	BCF        PCLATH, 4
0x01B6	0x00AE      	MOVWF      FARG_Lcd_Chr_CP_out_char
0x01B7	0x205F      	CALL       _Lcd_Chr_CP
0x01B8	0x0AAC      	INCF       CustomChar121_i_L0, 1
0x01B9	0x29A4      	GOTO       L_CustomChar1219
L_CustomChar12110:
;signalSpecial.c,62 :: 		Lcd_Cmd(_LCD_RETURN_HOME);
0x01BA	0x3002      	MOVLW      2
0x01BB	0x00B1      	MOVWF      FARG_Lcd_Cmd_out_char
0x01BC	0x2018      	CALL       _Lcd_Cmd
;signalSpecial.c,63 :: 		Lcd_Chr(pos_row, pos_char, 1);
0x01BD	0x082A      	MOVF       FARG_CustomChar121_pos_row, 0
0x01BE	0x00AE      	MOVWF      FARG_Lcd_Chr_row
0x01BF	0x082B      	MOVF       FARG_CustomChar121_pos_char, 0
0x01C0	0x00AF      	MOVWF      FARG_Lcd_Chr_column
0x01C1	0x3001      	MOVLW      1
0x01C2	0x00B0      	MOVWF      FARG_Lcd_Chr_out_char
0x01C3	0x2067      	CALL       _Lcd_Chr
;signalSpecial.c,64 :: 		}
L_end_CustomChar121:
0x01C4	0x0008      	RETURN
; end of _CustomChar121
_CustomChar211:
;signalSpecial.c,88 :: 		void CustomChar211(char pos_row, char pos_char) {
;signalSpecial.c,90 :: 		Lcd_Cmd(96);
0x01C5	0x3060      	MOVLW      96
0x01C6	0x1283      	BCF        STATUS, 5
0x01C7	0x1303      	BCF        STATUS, 6
0x01C8	0x00B1      	MOVWF      FARG_Lcd_Cmd_out_char
0x01C9	0x2018      	CALL       _Lcd_Cmd
;signalSpecial.c,91 :: 		for (i = 0; i<=7; i++) Lcd_Chr_CP(character21[i]);
0x01CA	0x01AC      	CLRF       CustomChar211_i_L0
L_CustomChar21118:
0x01CB	0x082C      	MOVF       CustomChar211_i_L0, 0
0x01CC	0x3C07      	SUBLW      7
0x01CD	0x1C03      	BTFSS      STATUS, 0
0x01CE	0x29E1      	GOTO       L_CustomChar21119
0x01CF	0x082C      	MOVF       CustomChar211_i_L0, 0
0x01D0	0x3EBF      	ADDLW      _character21
0x01D1	0x00F0      	MOVWF      R0
0x01D2	0x3002      	MOVLW      hi_addr(_character21)
0x01D3	0x1803      	BTFSC      STATUS, 0
0x01D4	0x3E01      	ADDLW      1
0x01D5	0x00F1      	MOVWF      R0+1
0x01D6	0x0870      	MOVF       R0, 0
0x01D7	0x00A7      	MOVWF      ___DoICPAddr
0x01D8	0x0871      	MOVF       R0+1, 0
0x01D9	0x00A8      	MOVWF      ___DoICPAddr+1
0x01DA	0x2058      	CALL       _____DoICP
0x01DB	0x118A      	BCF        PCLATH, 3
0x01DC	0x120A      	BCF        PCLATH, 4
0x01DD	0x00AE      	MOVWF      FARG_Lcd_Chr_CP_out_char
0x01DE	0x205F      	CALL       _Lcd_Chr_CP
0x01DF	0x0AAC      	INCF       CustomChar211_i_L0, 1
0x01E0	0x29CB      	GOTO       L_CustomChar21118
L_CustomChar21119:
;signalSpecial.c,92 :: 		Lcd_Cmd(_LCD_RETURN_HOME);
0x01E1	0x3002      	MOVLW      2
0x01E2	0x00B1      	MOVWF      FARG_Lcd_Cmd_out_char
0x01E3	0x2018      	CALL       _Lcd_Cmd
;signalSpecial.c,93 :: 		Lcd_Chr(pos_row, pos_char, 4);
0x01E4	0x082A      	MOVF       FARG_CustomChar211_pos_row, 0
0x01E5	0x00AE      	MOVWF      FARG_Lcd_Chr_row
0x01E6	0x082B      	MOVF       FARG_CustomChar211_pos_char, 0
0x01E7	0x00AF      	MOVWF      FARG_Lcd_Chr_column
0x01E8	0x3004      	MOVLW      4
0x01E9	0x00B0      	MOVWF      FARG_Lcd_Chr_out_char
0x01EA	0x2067      	CALL       _Lcd_Chr
;signalSpecial.c,94 :: 		}
L_end_CustomChar211:
0x01EB	0x0008      	RETURN
; end of _CustomChar211
_CustomChar231:
;signalSpecial.c,108 :: 		void CustomChar231(char pos_row, char pos_char) {
;signalSpecial.c,110 :: 		Lcd_Cmd(112);
0x01EC	0x3070      	MOVLW      112
0x01ED	0x1283      	BCF        STATUS, 5
0x01EE	0x1303      	BCF        STATUS, 6
0x01EF	0x00B1      	MOVWF      FARG_Lcd_Cmd_out_char
0x01F0	0x2018      	CALL       _Lcd_Cmd
;signalSpecial.c,111 :: 		for (i = 0; i<=7; i++) Lcd_Chr_CP(character23[i]);
0x01F1	0x01AC      	CLRF       CustomChar231_i_L0
L_CustomChar23124:
0x01F2	0x082C      	MOVF       CustomChar231_i_L0, 0
0x01F3	0x3C07      	SUBLW      7
0x01F4	0x1C03      	BTFSS      STATUS, 0
0x01F5	0x2A08      	GOTO       L_CustomChar23125
0x01F6	0x082C      	MOVF       CustomChar231_i_L0, 0
0x01F7	0x3EC7      	ADDLW      _character23
0x01F8	0x00F0      	MOVWF      R0
0x01F9	0x3002      	MOVLW      hi_addr(_character23)
0x01FA	0x1803      	BTFSC      STATUS, 0
0x01FB	0x3E01      	ADDLW      1
0x01FC	0x00F1      	MOVWF      R0+1
0x01FD	0x0870      	MOVF       R0, 0
0x01FE	0x00A7      	MOVWF      ___DoICPAddr
0x01FF	0x0871      	MOVF       R0+1, 0
0x0200	0x00A8      	MOVWF      ___DoICPAddr+1
0x0201	0x2058      	CALL       _____DoICP
0x0202	0x118A      	BCF        PCLATH, 3
0x0203	0x120A      	BCF        PCLATH, 4
0x0204	0x00AE      	MOVWF      FARG_Lcd_Chr_CP_out_char
0x0205	0x205F      	CALL       _Lcd_Chr_CP
0x0206	0x0AAC      	INCF       CustomChar231_i_L0, 1
0x0207	0x29F2      	GOTO       L_CustomChar23124
L_CustomChar23125:
;signalSpecial.c,112 :: 		Lcd_Cmd(_LCD_RETURN_HOME);
0x0208	0x3002      	MOVLW      2
0x0209	0x00B1      	MOVWF      FARG_Lcd_Cmd_out_char
0x020A	0x2018      	CALL       _Lcd_Cmd
;signalSpecial.c,113 :: 		Lcd_Chr(pos_row, pos_char, 6);
0x020B	0x082A      	MOVF       FARG_CustomChar231_pos_row, 0
0x020C	0x00AE      	MOVWF      FARG_Lcd_Chr_row
0x020D	0x082B      	MOVF       FARG_CustomChar231_pos_char, 0
0x020E	0x00AF      	MOVWF      FARG_Lcd_Chr_column
0x020F	0x3006      	MOVLW      6
0x0210	0x00B0      	MOVWF      FARG_Lcd_Chr_out_char
0x0211	0x2067      	CALL       _Lcd_Chr
;signalSpecial.c,114 :: 		}
L_end_CustomChar231:
0x0212	0x0008      	RETURN
; end of _CustomChar231
___CC2DW:
;__Lib_System.c,134 :: 		
;__Lib_System.c,137 :: 		
_CC2D_Loop1:
;__Lib_System.c,139 :: 		
0x0213	0x2058      	CALL       _____DoICP
0x0214	0x118A      	BCF        PCLATH, 3
0x0215	0x120A      	BCF        PCLATH, 4
;__Lib_System.c,141 :: 		
0x0216	0x0080      	MOVWF      INDF
;__Lib_System.c,142 :: 		
0x0217	0x0A84      	INCF       FSR, 1
;__Lib_System.c,143 :: 		
0x0218	0x0AA7      	INCF       ___DoICPAddr, 1
;__Lib_System.c,145 :: 		
0x0219	0x1903      	BTFSC      STATUS, 2
;__Lib_System.c,146 :: 		
0x021A	0x0AA8      	INCF       ___DoICPAddr+1, 1
;__Lib_System.c,147 :: 		
0x021B	0x03F0      	DECF       R0, 1
;__Lib_System.c,149 :: 		
0x021C	0x1D03      	BTFSS      STATUS, 2
;__Lib_System.c,150 :: 		
0x021D	0x2A13      	GOTO       _CC2D_Loop1
;__Lib_System.c,152 :: 		
L_end___CC2DW:
0x021E	0x0008      	RETURN
; end of ___CC2DW
_Lcd_Init:
;__Lib_Lcd.c,84 :: 		
;__Lib_Lcd.c,86 :: 		
0x021F	0x1683      	BSF        STATUS, 5
0x0220	0x1303      	BCF        STATUS, 6
0x0221	0x1286      	BCF        LCD_EN_Direction, BitPos(LCD_EN_Direction+0)
;__Lib_Lcd.c,87 :: 		
0x0222	0x1206      	BCF        LCD_RS_Direction, BitPos(LCD_RS_Direction+0)
;__Lib_Lcd.c,88 :: 		
0x0223	0x1006      	BCF        LCD_D4_Direction, BitPos(LCD_D4_Direction+0)
;__Lib_Lcd.c,89 :: 		
0x0224	0x1086      	BCF        LCD_D5_Direction, BitPos(LCD_D5_Direction+0)
;__Lib_Lcd.c,90 :: 		
0x0225	0x1106      	BCF        LCD_D6_Direction, BitPos(LCD_D6_Direction+0)
;__Lib_Lcd.c,91 :: 		
0x0226	0x1186      	BCF        LCD_D7_Direction, BitPos(LCD_D7_Direction+0)
;__Lib_Lcd.c,93 :: 		
0x0227	0x1283      	BCF        STATUS, 5
0x0228	0x1286      	BCF        LCD_EN, BitPos(LCD_EN+0)
;__Lib_Lcd.c,94 :: 		
0x0229	0x1206      	BCF        LCD_RS, BitPos(LCD_RS+0)
;__Lib_Lcd.c,95 :: 		
0x022A	0x1186      	BCF        LCD_D7, BitPos(LCD_D7+0)
;__Lib_Lcd.c,96 :: 		
0x022B	0x1106      	BCF        LCD_D6, BitPos(LCD_D6+0)
;__Lib_Lcd.c,97 :: 		
0x022C	0x1086      	BCF        LCD_D5, BitPos(LCD_D5+0)
;__Lib_Lcd.c,98 :: 		
0x022D	0x1006      	BCF        LCD_D4, BitPos(LCD_D4+0)
;__Lib_Lcd.c,100 :: 		
0x022E	0x2005      	CALL       _Delay_5500us
;__Lib_Lcd.c,101 :: 		
0x022F	0x2005      	CALL       _Delay_5500us
;__Lib_Lcd.c,102 :: 		
0x0230	0x2005      	CALL       _Delay_5500us
;__Lib_Lcd.c,105 :: 		
0x0231	0x1486      	BSF        LCD_D5, BitPos(LCD_D5+0)
;__Lib_Lcd.c,106 :: 		
0x0232	0x1406      	BSF        LCD_D4, BitPos(LCD_D4+0)
;__Lib_Lcd.c,107 :: 		
0x0233	0x1686      	BSF        LCD_EN, BitPos(LCD_EN+0)
;__Lib_Lcd.c,108 :: 		
0x0234	0x2003      	CALL       _Delay_1us
;__Lib_Lcd.c,109 :: 		
0x0235	0x1286      	BCF        LCD_EN, BitPos(LCD_EN+0)
;__Lib_Lcd.c,110 :: 		
0x0236	0x2005      	CALL       _Delay_5500us
;__Lib_Lcd.c,112 :: 		
0x0237	0x1686      	BSF        LCD_EN, BitPos(LCD_EN+0)
;__Lib_Lcd.c,113 :: 		
0x0238	0x2003      	CALL       _Delay_1us
;__Lib_Lcd.c,114 :: 		
0x0239	0x1286      	BCF        LCD_EN, BitPos(LCD_EN+0)
;__Lib_Lcd.c,115 :: 		
0x023A	0x2005      	CALL       _Delay_5500us
;__Lib_Lcd.c,117 :: 		
0x023B	0x1686      	BSF        LCD_EN, BitPos(LCD_EN+0)
;__Lib_Lcd.c,118 :: 		
0x023C	0x2003      	CALL       _Delay_1us
;__Lib_Lcd.c,119 :: 		
0x023D	0x1286      	BCF        LCD_EN, BitPos(LCD_EN+0)
;__Lib_Lcd.c,120 :: 		
0x023E	0x2005      	CALL       _Delay_5500us
;__Lib_Lcd.c,123 :: 		
0x023F	0x1006      	BCF        LCD_D4, BitPos(LCD_D4+0)
;__Lib_Lcd.c,124 :: 		
0x0240	0x1686      	BSF        LCD_EN, BitPos(LCD_EN+0)
;__Lib_Lcd.c,125 :: 		
0x0241	0x2003      	CALL       _Delay_1us
;__Lib_Lcd.c,126 :: 		
0x0242	0x1286      	BCF        LCD_EN, BitPos(LCD_EN+0)
;__Lib_Lcd.c,127 :: 		
0x0243	0x2005      	CALL       _Delay_5500us
;__Lib_Lcd.c,130 :: 		
0x0244	0x1686      	BSF        LCD_EN, BitPos(LCD_EN+0)
;__Lib_Lcd.c,131 :: 		
0x0245	0x2003      	CALL       _Delay_1us
;__Lib_Lcd.c,132 :: 		
0x0246	0x1286      	BCF        LCD_EN, BitPos(LCD_EN+0)
;__Lib_Lcd.c,134 :: 		
0x0247	0x1086      	BCF        LCD_D5, BitPos(LCD_D5+0)
;__Lib_Lcd.c,135 :: 		
0x0248	0x1586      	BSF        LCD_D7, BitPos(LCD_D7+0)
;__Lib_Lcd.c,136 :: 		
0x0249	0x1686      	BSF        LCD_EN, BitPos(LCD_EN+0)
;__Lib_Lcd.c,137 :: 		
0x024A	0x2003      	CALL       _Delay_1us
;__Lib_Lcd.c,138 :: 		
0x024B	0x1286      	BCF        LCD_EN, BitPos(LCD_EN+0)
;__Lib_Lcd.c,139 :: 		
0x024C	0x2005      	CALL       _Delay_5500us
;__Lib_Lcd.c,142 :: 		
0x024D	0x1186      	BCF        LCD_D7, BitPos(LCD_D7+0)
;__Lib_Lcd.c,143 :: 		
0x024E	0x1406      	BSF        LCD_D4, BitPos(LCD_D4+0)
;__Lib_Lcd.c,144 :: 		
0x024F	0x1686      	BSF        LCD_EN, BitPos(LCD_EN+0)
;__Lib_Lcd.c,145 :: 		
0x0250	0x2003      	CALL       _Delay_1us
;__Lib_Lcd.c,146 :: 		
0x0251	0x1286      	BCF        LCD_EN, BitPos(LCD_EN+0)
;__Lib_Lcd.c,148 :: 		
0x0252	0x1006      	BCF        LCD_D4, BitPos(LCD_D4+0)
;__Lib_Lcd.c,149 :: 		
0x0253	0x1686      	BSF        LCD_EN, BitPos(LCD_EN+0)
;__Lib_Lcd.c,150 :: 		
0x0254	0x2003      	CALL       _Delay_1us
;__Lib_Lcd.c,151 :: 		
0x0255	0x1286      	BCF        LCD_EN, BitPos(LCD_EN+0)
;__Lib_Lcd.c,152 :: 		
0x0256	0x2005      	CALL       _Delay_5500us
;__Lib_Lcd.c,155 :: 		
0x0257	0x1686      	BSF        LCD_EN, BitPos(LCD_EN+0)
;__Lib_Lcd.c,156 :: 		
0x0258	0x2003      	CALL       _Delay_1us
;__Lib_Lcd.c,157 :: 		
0x0259	0x1286      	BCF        LCD_EN, BitPos(LCD_EN+0)
;__Lib_Lcd.c,159 :: 		
0x025A	0x1406      	BSF        LCD_D4, BitPos(LCD_D4+0)
;__Lib_Lcd.c,160 :: 		
0x025B	0x1686      	BSF        LCD_EN, BitPos(LCD_EN+0)
;__Lib_Lcd.c,161 :: 		
0x025C	0x2003      	CALL       _Delay_1us
;__Lib_Lcd.c,162 :: 		
0x025D	0x1286      	BCF        LCD_EN, BitPos(LCD_EN+0)
;__Lib_Lcd.c,163 :: 		
0x025E	0x2005      	CALL       _Delay_5500us
;__Lib_Lcd.c,166 :: 		
0x025F	0x1006      	BCF        LCD_D4, BitPos(LCD_D4+0)
;__Lib_Lcd.c,167 :: 		
0x0260	0x1686      	BSF        LCD_EN, BitPos(LCD_EN+0)
;__Lib_Lcd.c,168 :: 		
0x0261	0x2003      	CALL       _Delay_1us
;__Lib_Lcd.c,169 :: 		
0x0262	0x1286      	BCF        LCD_EN, BitPos(LCD_EN+0)
;__Lib_Lcd.c,171 :: 		
0x0263	0x1586      	BSF        LCD_D7, BitPos(LCD_D7+0)
;__Lib_Lcd.c,172 :: 		
0x0264	0x1506      	BSF        LCD_D6, BitPos(LCD_D6+0)
;__Lib_Lcd.c,173 :: 		
0x0265	0x1486      	BSF        LCD_D5, BitPos(LCD_D5+0)
;__Lib_Lcd.c,174 :: 		
0x0266	0x1406      	BSF        LCD_D4, BitPos(LCD_D4+0)
;__Lib_Lcd.c,175 :: 		
0x0267	0x1686      	BSF        LCD_EN, BitPos(LCD_EN+0)
;__Lib_Lcd.c,176 :: 		
0x0268	0x2003      	CALL       _Delay_1us
;__Lib_Lcd.c,177 :: 		
0x0269	0x1286      	BCF        LCD_EN, BitPos(LCD_EN+0)
;__Lib_Lcd.c,179 :: 		
0x026A	0x2005      	CALL       _Delay_5500us
;__Lib_Lcd.c,181 :: 		
0x026B	0x1429      	BSF        __Lib_Lcd_cmd_status, BitPos(__Lib_Lcd_cmd_status+0)
;__Lib_Lcd.c,182 :: 		
L_end_Lcd_Init:
0x026C	0x0008      	RETURN
; end of _Lcd_Init
_main:
0x026D	0x3042      	MOVLW      66
0x026E	0x1283      	BCF        STATUS, 5
0x026F	0x1303      	BCF        STATUS, 6
0x0270	0x00A0      	MOVWF      ?lstr1_signalSpecial
0x0271	0x3041      	MOVLW      65
0x0272	0x00A1      	MOVWF      33
0x0273	0x3054      	MOVLW      84
0x0274	0x00A2      	MOVWF      34
0x0275	0x304D      	MOVLW      77
0x0276	0x00A3      	MOVWF      35
0x0277	0x3041      	MOVLW      65
0x0278	0x00A4      	MOVWF      36
0x0279	0x304E      	MOVLW      78
0x027A	0x00A5      	MOVWF      37
0x027B	0x01A6      	CLRF       38
;signalSpecial.c,133 :: 		void main() {
;signalSpecial.c,134 :: 		ANSEL = 0;
0x027C	0x1683      	BSF        STATUS, 5
0x027D	0x1703      	BSF        STATUS, 6
0x027E	0x0188      	CLRF       ANSEL
;signalSpecial.c,135 :: 		ANSELH = 0;
0x027F	0x0189      	CLRF       ANSELH
;signalSpecial.c,136 :: 		TRISB = 0;
0x0280	0x0186      	CLRF       TRISB
;signalSpecial.c,137 :: 		TRISD = 0;
0x0281	0x1303      	BCF        STATUS, 6
0x0282	0x0188      	CLRF       TRISD
;signalSpecial.c,139 :: 		Lcd_Init(); //Inicializa la libreria lcd
0x0283	0x221F      	CALL       _Lcd_Init
;signalSpecial.c,162 :: 		Lcd_Cmd(_LCD_CLEAR);
0x0284	0x3001      	MOVLW      1
0x0285	0x00B1      	MOVWF      FARG_Lcd_Cmd_out_char
0x0286	0x2018      	CALL       _Lcd_Cmd
;signalSpecial.c,163 :: 		Lcd_Out(2,1, "BATMAN");
0x0287	0x3002      	MOVLW      2
0x0288	0x00AA      	MOVWF      FARG_Lcd_Out_row
0x0289	0x3001      	MOVLW      1
0x028A	0x00AB      	MOVWF      FARG_Lcd_Out_column
0x028B	0x3020      	MOVLW      ?lstr1_signalSpecial
0x028C	0x00AC      	MOVWF      FARG_Lcd_Out_text
0x028D	0x215E      	CALL       _Lcd_Out
;signalSpecial.c,164 :: 		CustomChar111(1,8);
0x028E	0x3001      	MOVLW      1
0x028F	0x00AA      	MOVWF      FARG_CustomChar111_pos_row
0x0290	0x3008      	MOVLW      8
0x0291	0x00AB      	MOVWF      FARG_CustomChar111_pos_char
0x0292	0x20EA      	CALL       _CustomChar111
;signalSpecial.c,165 :: 		CustomChar121(1,9);
0x0293	0x3001      	MOVLW      1
0x0294	0x00AA      	MOVWF      FARG_CustomChar121_pos_row
0x0295	0x3009      	MOVLW      9
0x0296	0x00AB      	MOVWF      FARG_CustomChar121_pos_char
0x0297	0x219E      	CALL       _CustomChar121
;signalSpecial.c,166 :: 		CustomChar131(1,10);
0x0298	0x3001      	MOVLW      1
0x0299	0x00AA      	MOVWF      FARG_CustomChar131_pos_row
0x029A	0x300A      	MOVLW      10
0x029B	0x00AB      	MOVWF      FARG_CustomChar131_pos_char
0x029C	0x20C3      	CALL       _CustomChar131
;signalSpecial.c,167 :: 		CustomChar141(1,11);
0x029D	0x3001      	MOVLW      1
0x029E	0x00AA      	MOVWF      FARG_CustomChar141_pos_row
0x029F	0x300B      	MOVLW      11
0x02A0	0x00AB      	MOVWF      FARG_CustomChar141_pos_char
0x02A1	0x2110      	CALL       _CustomChar141
;signalSpecial.c,168 :: 		CustomChar211(2,8);CustomChar221(2,9);CustomChar231(2,10);CustomChar241(2,11);
0x02A2	0x3002      	MOVLW      2
0x02A3	0x00AA      	MOVWF      FARG_CustomChar211_pos_row
0x02A4	0x3008      	MOVLW      8
0x02A5	0x00AB      	MOVWF      FARG_CustomChar211_pos_char
0x02A6	0x21C5      	CALL       _CustomChar211
0x02A7	0x3002      	MOVLW      2
0x02A8	0x00AA      	MOVWF      FARG_CustomChar221_pos_row
0x02A9	0x3009      	MOVLW      9
0x02AA	0x00AB      	MOVWF      FARG_CustomChar221_pos_char
0x02AB	0x209C      	CALL       _CustomChar221
0x02AC	0x3002      	MOVLW      2
0x02AD	0x00AA      	MOVWF      FARG_CustomChar231_pos_row
0x02AE	0x300A      	MOVLW      10
0x02AF	0x00AB      	MOVWF      FARG_CustomChar231_pos_char
0x02B0	0x21EC      	CALL       _CustomChar231
0x02B1	0x3002      	MOVLW      2
0x02B2	0x00AA      	MOVWF      FARG_CustomChar241_pos_row
0x02B3	0x300B      	MOVLW      11
0x02B4	0x00AB      	MOVWF      FARG_CustomChar241_pos_char
0x02B5	0x2137      	CALL       _CustomChar241
;signalSpecial.c,171 :: 		}
L_end_main:
0x02B6	0x2AB6      	GOTO       $+0
; end of _main
;signalSpecial.c,116 :: _character24
0x02B7	0x341F ;_character24+0
0x02B8	0x341F ;_character24+1
0x02B9	0x341F ;_character24+2
0x02BA	0x340E ;_character24+3
0x02BB	0x3404 ;_character24+4
0x02BC	0x3408 ;_character24+5
0x02BD	0x3400 ;_character24+6
0x02BE	0x3400 ;_character24+7
; end of _character24
;signalSpecial.c,86 :: _character21
0x02BF	0x341F ;_character21+0
0x02C0	0x341F ;_character21+1
0x02C1	0x341F ;_character21+2
0x02C2	0x340E ;_character21+3
0x02C3	0x3404 ;_character21+4
0x02C4	0x3402 ;_character21+5
0x02C5	0x3400 ;_character21+6
0x02C6	0x3400 ;_character21+7
; end of _character21
;signalSpecial.c,106 :: _character23
0x02C7	0x341F ;_character23+0
0x02C8	0x341F ;_character23+1
0x02C9	0x341F ;_character23+2
0x02CA	0x3419 ;_character23+3
0x02CB	0x3410 ;_character23+4
0x02CC	0x3400 ;_character23+5
0x02CD	0x3400 ;_character23+6
0x02CE	0x3400 ;_character23+7
; end of _character23
;signalSpecial.c,96 :: _character22
0x02CF	0x341F ;_character22+0
0x02D0	0x341F ;_character22+1
0x02D1	0x341F ;_character22+2
0x02D2	0x3413 ;_character22+3
0x02D3	0x3401 ;_character22+4
0x02D4	0x3400 ;_character22+5
0x02D5	0x3400 ;_character22+6
0x02D6	0x3400 ;_character22+7
; end of _character22
;signalSpecial.c,76 :: _character14
0x02D7	0x3400 ;_character14+0
0x02D8	0x3410 ;_character14+1
0x02D9	0x340C ;_character14+2
0x02DA	0x340E ;_character14+3
0x02DB	0x341F ;_character14+4
0x02DC	0x341F ;_character14+5
0x02DD	0x341F ;_character14+6
0x02DE	0x341F ;_character14+7
; end of _character14
;signalSpecial.c,66 :: _character13
0x02DF	0x3400 ;_character13+0
0x02E0	0x3408 ;_character13+1
0x02E1	0x3418 ;_character13+2
0x02E2	0x3418 ;_character13+3
0x02E3	0x341D ;_character13+4
0x02E4	0x341F ;_character13+5
0x02E5	0x341F ;_character13+6
0x02E6	0x341F ;_character13+7
; end of _character13
;signalSpecial.c,56 :: _character12
0x02E7	0x3400 ;_character12+0
0x02E8	0x3402 ;_character12+1
0x02E9	0x3403 ;_character12+2
0x02EA	0x3403 ;_character12+3
0x02EB	0x3417 ;_character12+4
0x02EC	0x341F ;_character12+5
0x02ED	0x341F ;_character12+6
0x02EE	0x341F ;_character12+7
; end of _character12
;signalSpecial.c,46 :: _character11
0x02EF	0x3400 ;_character11+0
0x02F0	0x3401 ;_character11+1
0x02F1	0x3406 ;_character11+2
0x02F2	0x340E ;_character11+3
0x02F3	0x341F ;_character11+4
0x02F4	0x341F ;_character11+5
0x02F5	0x341F ;_character11+6
0x02F6	0x341F ;_character11+7
; end of _character11
Symbol List:
//** Routines locations **
//ADDRESS    SIZE    PROCEDURE
//----------------------------------------------
0x0003       [2]    _Delay_1us
0x0005      [11]    _Delay_5500us
0x0010       [8]    _Delay_50us
0x0018      [64]    _Lcd_Cmd
0x0058       [7]    _____DoICP
0x005F       [8]    _Lcd_Chr_CP
0x0067      [53]    _Lcd_Chr
0x009C      [39]    _CustomChar221
0x00C3      [39]    _CustomChar131
0x00EA      [38]    _CustomChar111
0x0110      [39]    _CustomChar141
0x0137      [39]    _CustomChar241
0x015E      [64]    _Lcd_Out
0x019E      [39]    _CustomChar121
0x01C5      [39]    _CustomChar211
0x01EC      [39]    _CustomChar231
0x0213      [12]    ___CC2DW
0x021F      [78]    _Lcd_Init
0x026D      [74]    _main
//** Variables locations ** 
//ADDRESS    SIZE    VARIABLE
//----------------------------------------------
0x0000       [1]    INDF
0x0002       [1]    PCL
0x0003       [1]    STATUS
0x0004       [1]    FSR
0x0006       [0]    RB1_bit
0x0006       [0]    RB0_bit
0x0006       [0]    LCD_D4
0x0006       [0]    LCD_RS
0x0006       [0]    LCD_EN
0x0006       [0]    LCD_D6
0x0006       [0]    LCD_D7
0x0006       [0]    RB3_bit
0x0006       [0]    RB2_bit
0x0006       [0]    RB4_bit
0x0006       [0]    LCD_D5
0x0006       [0]    RB5_bit
0x000A       [1]    PCLATH
0x0020       [7]    ?lstr1_signalSpecial
0x0027       [2]    ___DoICPAddr
0x0029       [0]    __Lib_Lcd_cmd_status
0x002A       [1]    FARG_Lcd_Out_row
0x002A       [1]    FARG_CustomChar141_pos_row
0x002A       [1]    FARG_CustomChar241_pos_row
0x002A       [1]    FARG_CustomChar221_pos_row
0x002A       [1]    FARG_CustomChar211_pos_row
0x002A       [1]    FARG_CustomChar131_pos_row
0x002A       [1]    FARG_CustomChar121_pos_row
0x002A       [1]    FARG_CustomChar111_pos_row
0x002A       [1]    FARG_CustomChar231_pos_row
0x002B       [1]    FARG_CustomChar121_pos_char
0x002B       [1]    FARG_CustomChar131_pos_char
0x002B       [1]    FARG_CustomChar211_pos_char
0x002B       [1]    FARG_CustomChar141_pos_char
0x002B       [1]    FARG_CustomChar111_pos_char
0x002B       [1]    FARG_CustomChar221_pos_char
0x002B       [1]    FARG_Lcd_Out_column
0x002B       [1]    FARG_CustomChar241_pos_char
0x002B       [1]    FARG_CustomChar231_pos_char
0x002C       [1]    FARG_Lcd_Out_text
0x002C       [1]    CustomChar131_i_L0
0x002C       [1]    CustomChar121_i_L0
0x002C       [1]    CustomChar231_i_L0
0x002C       [1]    CustomChar111_i_L0
0x002C       [1]    CustomChar241_i_L0
0x002C       [1]    CustomChar141_i_L0
0x002C       [1]    CustomChar211_i_L0
0x002C       [1]    CustomChar221_i_L0
0x002D       [1]    Lcd_Out_i_L0
0x002E       [1]    FARG_Lcd_Chr_row
0x002E       [1]    FARG_Lcd_Chr_CP_out_char
0x002F       [1]    FARG_Lcd_Chr_column
0x0030       [1]    FARG_Lcd_Chr_out_char
0x0031       [1]    FARG_Lcd_Cmd_out_char
0x0070       [1]    R0
0x0071       [1]    R1
0x0072       [1]    R2
0x0073       [1]    R3
0x0074       [1]    R4
0x0075       [1]    R5
0x0076       [1]    R6
0x0077       [1]    R7
0x0078       [1]    R8
0x0079       [1]    R9
0x007A       [1]    R10
0x007B       [1]    R11
0x007C       [1]    R12
0x007D       [1]    R13
0x007E       [1]    R14
0x007F       [1]    R15
0x0086       [0]    TRISB3_bit
0x0086       [0]    LCD_RS_Direction
0x0086       [0]    LCD_D4_Direction
0x0086       [0]    LCD_EN_Direction
0x0086       [0]    TRISB2_bit
0x0086       [0]    TRISB5_bit
0x0086       [0]    TRISB0_bit
0x0086       [0]    TRISB1_bit
0x0086       [0]    LCD_D6_Direction
0x0086       [0]    LCD_D7_Direction
0x0086       [0]    TRISB4_bit
0x0086       [1]    TRISB
0x0086       [0]    LCD_D5_Direction
0x0088       [1]    TRISD
0x0188       [1]    ANSEL
0x0189       [1]    ANSELH
//** Constants locations ** 
//ADDRESS    SIZE    CONSTANT
//----------------------------------------------
0x02B7       [8]    _character24
0x02BF       [8]    _character21
0x02C7       [8]    _character23
0x02CF       [8]    _character22
0x02D7       [8]    _character14
0x02DF       [8]    _character13
0x02E7       [8]    _character12
0x02EF       [8]    _character11
//** Label List: ** 
//----------------------------------------------
  L_CustomChara0
  L_CustomChara1
  L_CustomChara2
  L_CustomCharc3
  L_CustomCharc4
  L_CustomCharc5
  L_CustomChar1116
  L_CustomChar1117
  L_CustomChar1118
  L_CustomChar1219
  L_CustomChar12110
  L_CustomChar12111
  L_CustomChar13112
  L_CustomChar13113
  L_CustomChar13114
  L_CustomChar14115
  L_CustomChar14116
  L_CustomChar14117
  L_CustomChar21118
  L_CustomChar21119
  L_CustomChar21120
  L_CustomChar22121
  L_CustomChar22122
  L_CustomChar22123
  L_CustomChar23124
  L_CustomChar23125
  L_CustomChar23126
  L_CustomChar24127
  L_CustomChar24128
  L_CustomChar24129
  L_end_CustomChara
  _CustomChara
  L_end_CustomCharc
  _CustomCharc
  L_end_CustomChar111
  _CustomChar111
  L_end_CustomChar121
  _CustomChar121
  L_end_CustomChar131
  _CustomChar131
  L_end_CustomChar141
  _CustomChar141
  L_end_CustomChar211
  _CustomChar211
  L_end_CustomChar221
  _CustomChar221
  L_end_CustomChar231
  _CustomChar231
  L_end_CustomChar241
  _CustomChar241
  L_end_main
  _main
  L_Delay_10us0
  L_Delay_22us1
  L_Delay_50us2
  L_Delay_80us3
  L_Delay_500us4
  L_Delay_5500us5
  L_Delay_1ms6
  L_Delay_5ms7
  L_Delay_8ms8
  L_Delay_10ms9
  L_Delay_100ms10
  L_Delay_1sec11
  L_boot16_Delay_5ms12
  L_Delay_Cyc13
  L_Delay_Cyc14
  L_VDelay_ms15
  L_VDelay_ms16
  L_VDelay_ms17
  L_VDelay_Advanced_ms18
  L_VDelay_Advanced_ms19
  L_VDelay_Advanced_ms20
  L_end_Get_Fosc_kHz
  _Get_Fosc_kHz
  L_end_Delay_1us
  _Delay_1us
  L_end_Delay_10us
  _Delay_10us
  L_end_Delay_22us
  _Delay_22us
  L_end_Delay_50us
  _Delay_50us
  L_end_Delay_80us
  _Delay_80us
  L_end_Delay_500us
  _Delay_500us
  L_end_Delay_5500us
  _Delay_5500us
  L_end_Delay_1ms
  _Delay_1ms
  L_end_Delay_5ms
  _Delay_5ms
  L_end_Delay_8ms
  _Delay_8ms
  L_end_Delay_10ms
  _Delay_10ms
  L_end_Delay_100ms
  _Delay_100ms
  L_end_Delay_1sec
  _Delay_1sec
  L_end_boot16_Delay_5ms
  _boot16_Delay_5ms
  L_end_Delay_Cyc
  _Delay_Cyc
  L_end_VDelay_ms
  _VDelay_ms
  L__VDelay_ms38
  L__VDelay_ms39
  L__VDelay_ms40
  L_end_VDelay_Advanced_ms
  _VDelay_Advanced_ms
  L__VDelay_Advanced_ms42
  L__VDelay_Advanced_ms43
  L__VDelay_Advanced_ms44
  L_Lcd_Cmd0
  L_Lcd_Cmd1
  L_Lcd_Out_CP2
  L_Lcd_Out_CP3
  L_Lcd_Chr4
  L_Lcd_Chr5
  L_Lcd_Chr6
  L_Lcd_Chr7
  L_Lcd_Chr8
  L_Lcd_Chr9
  L_Lcd_Chr10
  L_Lcd_Out11
  L_Lcd_Out12
  L_Lcd_Out13
  L_Lcd_Out14
  L_Lcd_Out15
  L_Lcd_Out16
  L_Lcd_Out17
  L_Lcd_Out18
  L_Lcd_Out19
  L_end_Lcd_Cmd
  _Lcd_Cmd
  L__Lcd_Cmd21
  L__Lcd_Cmd22
  L__Lcd_Cmd23
  L__Lcd_Cmd24
  L__Lcd_Cmd25
  L__Lcd_Cmd26
  L__Lcd_Cmd27
  L__Lcd_Cmd28
  L__Lcd_Cmd29
  L__Lcd_Cmd30
  L__Lcd_Cmd31
  L__Lcd_Cmd32
  L__Lcd_Cmd33
  L__Lcd_Cmd34
  L__Lcd_Cmd35
  L__Lcd_Cmd36
  L__Lcd_Cmd37
  L__Lcd_Cmd38
  L__Lcd_Cmd39
  L__Lcd_Cmd40
  L_end_Lcd_Chr_CP
  _Lcd_Chr_CP
  L_end_Lcd_Out_CP
  _Lcd_Out_CP
  L_end_Lcd_Chr
  _Lcd_Chr
  L_end_Lcd_Init
  _Lcd_Init
  L_end_Lcd_Out
  _Lcd_Out
  L_loopCA2AWs
  L_CA2AWend
  _CCA2AW_Loop1
  L_loopCS2Ss
  L_CS2Send
  _CCS2S_Loop1
  L_CCS2Send
  L_loopFZinSWs
  L_FZinSend
  _CC2D_Loop1
  L_end_____DoICP
  _____DoICP
  L_end_____DoIFC
  _____DoIFC
  L_end___CA2AW
  ___CA2AW
  L_end___CCA2AW
  ___CCA2AW
  L_end___CS2S
  ___CS2S
  L_end___CCS2S
  ___CCS2S
  L_end___FZinS
  ___FZinS
  L_end___CC2DW
  ___CC2DW
  L_end_Swap
  _Swap
