;  LST file generated by mikroListExporter - v.2.0 
; Date/Time: 4/3/2023 14:37:26
;----------------------------------------------

;Address Opcode 	ASM
0x0000	0x2A6F      	GOTO       623
_Delay_1us:
;__Lib_Delays.c,7 :: 		void Delay_1us() {
;__Lib_Delays.c,8 :: 		Delay_us(1);
0x0003	0x0000      	NOP
0x0004	0x0000      	NOP
;__Lib_Delays.c,9 :: 		}
L_end_Delay_1us:
0x0005	0x0008      	RETURN
; end of _Delay_1us
_Delay_5500us:
;__Lib_Delays.c,31 :: 		void Delay_5500us() {
;__Lib_Delays.c,32 :: 		Delay_us(5500);
0x0006	0x300F      	MOVLW      15
0x0007	0x1283      	BCF        STATUS, 5
0x0008	0x1303      	BCF        STATUS, 6
0x0009	0x00FC      	MOVWF      R12
0x000A	0x3047      	MOVLW      71
0x000B	0x00FD      	MOVWF      R13
L_Delay_5500us5:
0x000C	0x0BFD      	DECFSZ     R13, 1
0x000D	0x280C      	GOTO       L_Delay_5500us5
0x000E	0x0BFC      	DECFSZ     R12, 1
0x000F	0x280C      	GOTO       L_Delay_5500us5
0x0010	0x0000      	NOP
0x0011	0x0000      	NOP
;__Lib_Delays.c,33 :: 		}
L_end_Delay_5500us:
0x0012	0x0008      	RETURN
; end of _Delay_5500us
_Delay_50us:
;__Lib_Delays.c,19 :: 		void Delay_50us() {
;__Lib_Delays.c,20 :: 		Delay_us(50);
0x0013	0x3021      	MOVLW      33
0x0014	0x1283      	BCF        STATUS, 5
0x0015	0x1303      	BCF        STATUS, 6
0x0016	0x00FD      	MOVWF      R13
L_Delay_50us2:
0x0017	0x0BFD      	DECFSZ     R13, 1
0x0018	0x2817      	GOTO       L_Delay_50us2
;__Lib_Delays.c,21 :: 		}
L_end_Delay_50us:
0x0019	0x0008      	RETURN
; end of _Delay_50us
_Lcd_Cmd:
;__Lib_Lcd.c,18 :: 		
;__Lib_Lcd.c,20 :: 		
0x001A	0x1283      	BCF        STATUS, 5
0x001B	0x1303      	BCF        STATUS, 6
0x001C	0x1BB3      	BTFSC      FARG_Lcd_Cmd_out_char, 7
0x001D	0x2820      	GOTO       L__Lcd_Cmd21
0x001E	0x1186      	BCF        LCD_D7, BitPos(LCD_D7+0)
0x001F	0x2821      	GOTO       L__Lcd_Cmd22
L__Lcd_Cmd21:
0x0020	0x1586      	BSF        LCD_D7, BitPos(LCD_D7+0)
L__Lcd_Cmd22:
;__Lib_Lcd.c,21 :: 		
0x0021	0x1B33      	BTFSC      FARG_Lcd_Cmd_out_char, 6
0x0022	0x2825      	GOTO       L__Lcd_Cmd23
0x0023	0x1106      	BCF        LCD_D6, BitPos(LCD_D6+0)
0x0024	0x2826      	GOTO       L__Lcd_Cmd24
L__Lcd_Cmd23:
0x0025	0x1506      	BSF        LCD_D6, BitPos(LCD_D6+0)
L__Lcd_Cmd24:
;__Lib_Lcd.c,22 :: 		
0x0026	0x1AB3      	BTFSC      FARG_Lcd_Cmd_out_char, 5
0x0027	0x282A      	GOTO       L__Lcd_Cmd25
0x0028	0x1086      	BCF        LCD_D5, BitPos(LCD_D5+0)
0x0029	0x282B      	GOTO       L__Lcd_Cmd26
L__Lcd_Cmd25:
0x002A	0x1486      	BSF        LCD_D5, BitPos(LCD_D5+0)
L__Lcd_Cmd26:
;__Lib_Lcd.c,23 :: 		
0x002B	0x1A33      	BTFSC      FARG_Lcd_Cmd_out_char, 4
0x002C	0x282F      	GOTO       L__Lcd_Cmd27
0x002D	0x1006      	BCF        LCD_D4, BitPos(LCD_D4+0)
0x002E	0x2830      	GOTO       L__Lcd_Cmd28
L__Lcd_Cmd27:
0x002F	0x1406      	BSF        LCD_D4, BitPos(LCD_D4+0)
L__Lcd_Cmd28:
;__Lib_Lcd.c,25 :: 		
0x0030	0x1829      	BTFSC      __Lib_Lcd_cmd_status, BitPos(__Lib_Lcd_cmd_status+0)
0x0031	0x2834      	GOTO       L__Lcd_Cmd29
0x0032	0x1606      	BSF        LCD_RS, BitPos(LCD_RS+0)
0x0033	0x2835      	GOTO       L__Lcd_Cmd30
L__Lcd_Cmd29:
0x0034	0x1206      	BCF        LCD_RS, BitPos(LCD_RS+0)
L__Lcd_Cmd30:
;__Lib_Lcd.c,28 :: 		
0x0035	0x1686      	BSF        LCD_EN, BitPos(LCD_EN+0)
;__Lib_Lcd.c,29 :: 		
0x0036	0x2003      	CALL       _Delay_1us
;__Lib_Lcd.c,30 :: 		
0x0037	0x1286      	BCF        LCD_EN, BitPos(LCD_EN+0)
;__Lib_Lcd.c,33 :: 		
0x0038	0x19B3      	BTFSC      FARG_Lcd_Cmd_out_char, 3
0x0039	0x283C      	GOTO       L__Lcd_Cmd31
0x003A	0x1186      	BCF        LCD_D7, BitPos(LCD_D7+0)
0x003B	0x283D      	GOTO       L__Lcd_Cmd32
L__Lcd_Cmd31:
0x003C	0x1586      	BSF        LCD_D7, BitPos(LCD_D7+0)
L__Lcd_Cmd32:
;__Lib_Lcd.c,34 :: 		
0x003D	0x1933      	BTFSC      FARG_Lcd_Cmd_out_char, 2
0x003E	0x2841      	GOTO       L__Lcd_Cmd33
0x003F	0x1106      	BCF        LCD_D6, BitPos(LCD_D6+0)
0x0040	0x2842      	GOTO       L__Lcd_Cmd34
L__Lcd_Cmd33:
0x0041	0x1506      	BSF        LCD_D6, BitPos(LCD_D6+0)
L__Lcd_Cmd34:
;__Lib_Lcd.c,35 :: 		
0x0042	0x18B3      	BTFSC      FARG_Lcd_Cmd_out_char, 1
0x0043	0x2846      	GOTO       L__Lcd_Cmd35
0x0044	0x1086      	BCF        LCD_D5, BitPos(LCD_D5+0)
0x0045	0x2847      	GOTO       L__Lcd_Cmd36
L__Lcd_Cmd35:
0x0046	0x1486      	BSF        LCD_D5, BitPos(LCD_D5+0)
L__Lcd_Cmd36:
;__Lib_Lcd.c,36 :: 		
0x0047	0x1833      	BTFSC      FARG_Lcd_Cmd_out_char, 0
0x0048	0x284B      	GOTO       L__Lcd_Cmd37
0x0049	0x1006      	BCF        LCD_D4, BitPos(LCD_D4+0)
0x004A	0x284C      	GOTO       L__Lcd_Cmd38
L__Lcd_Cmd37:
0x004B	0x1406      	BSF        LCD_D4, BitPos(LCD_D4+0)
L__Lcd_Cmd38:
;__Lib_Lcd.c,38 :: 		
0x004C	0x1829      	BTFSC      __Lib_Lcd_cmd_status, BitPos(__Lib_Lcd_cmd_status+0)
0x004D	0x2850      	GOTO       L__Lcd_Cmd39
0x004E	0x1606      	BSF        LCD_RS, BitPos(LCD_RS+0)
0x004F	0x2851      	GOTO       L__Lcd_Cmd40
L__Lcd_Cmd39:
0x0050	0x1206      	BCF        LCD_RS, BitPos(LCD_RS+0)
L__Lcd_Cmd40:
;__Lib_Lcd.c,40 :: 		
0x0051	0x1686      	BSF        LCD_EN, BitPos(LCD_EN+0)
;__Lib_Lcd.c,41 :: 		
0x0052	0x2003      	CALL       _Delay_1us
;__Lib_Lcd.c,42 :: 		
0x0053	0x1286      	BCF        LCD_EN, BitPos(LCD_EN+0)
;__Lib_Lcd.c,44 :: 		
0x0054	0x1C29      	BTFSS      __Lib_Lcd_cmd_status, BitPos(__Lib_Lcd_cmd_status+0)
0x0055	0x2858      	GOTO       L_Lcd_Cmd0
;__Lib_Lcd.c,45 :: 		
0x0056	0x2006      	CALL       _Delay_5500us
0x0057	0x2859      	GOTO       L_Lcd_Cmd1
L_Lcd_Cmd0:
;__Lib_Lcd.c,47 :: 		
0x0058	0x2013      	CALL       _Delay_50us
L_Lcd_Cmd1:
;__Lib_Lcd.c,48 :: 		
L_end_Lcd_Cmd:
0x0059	0x0008      	RETURN
; end of _Lcd_Cmd
_____DoICP:
;__Lib_System.c,6 :: 		
;__Lib_System.c,9 :: 		
0x005A	0x1283      	BCF        STATUS, 5
0x005B	0x1303      	BCF        STATUS, 6
0x005C	0x082B      	MOVF       ___DoICPAddr+1, 0
0x005D	0x008A      	MOVWF      PCLATH
;__Lib_System.c,10 :: 		
0x005E	0x082A      	MOVF       ___DoICPAddr, 0
0x005F	0x0082      	MOVWF      PCL
;__Lib_System.c,12 :: 		
L_end_____DoICP:
0x0060	0x0008      	RETURN
; end of _____DoICP
_Lcd_Chr_CP:
;__Lib_Lcd.c,50 :: 		
;__Lib_Lcd.c,52 :: 		
0x0061	0x1283      	BCF        STATUS, 5
0x0062	0x1303      	BCF        STATUS, 6
0x0063	0x1029      	BCF        __Lib_Lcd_cmd_status, BitPos(__Lib_Lcd_cmd_status+0)
;__Lib_Lcd.c,53 :: 		
0x0064	0x0830      	MOVF       FARG_Lcd_Chr_CP_out_char, 0
0x0065	0x00B3      	MOVWF      FARG_Lcd_Cmd_out_char
0x0066	0x201A      	CALL       _Lcd_Cmd
;__Lib_Lcd.c,54 :: 		
0x0067	0x1429      	BSF        __Lib_Lcd_cmd_status, BitPos(__Lib_Lcd_cmd_status+0)
;__Lib_Lcd.c,55 :: 		
L_end_Lcd_Chr_CP:
0x0068	0x0008      	RETURN
; end of _Lcd_Chr_CP
_Lcd_Chr:
;__Lib_Lcd.c,65 :: 		
;__Lib_Lcd.c,66 :: 		
0x0069	0x287B      	GOTO       L_Lcd_Chr4
;__Lib_Lcd.c,67 :: 		
L_Lcd_Chr6:
0x006A	0x3080      	MOVLW      128
0x006B	0x1283      	BCF        STATUS, 5
0x006C	0x1303      	BCF        STATUS, 6
0x006D	0x00B0      	MOVWF      FARG_Lcd_Chr_row
0x006E	0x288E      	GOTO       L_Lcd_Chr5
;__Lib_Lcd.c,68 :: 		
L_Lcd_Chr7:
0x006F	0x30C0      	MOVLW      192
0x0070	0x00B0      	MOVWF      FARG_Lcd_Chr_row
0x0071	0x288E      	GOTO       L_Lcd_Chr5
;__Lib_Lcd.c,69 :: 		
L_Lcd_Chr8:
0x0072	0x3094      	MOVLW      148
0x0073	0x00B0      	MOVWF      FARG_Lcd_Chr_row
0x0074	0x288E      	GOTO       L_Lcd_Chr5
;__Lib_Lcd.c,70 :: 		
L_Lcd_Chr9:
0x0075	0x30D4      	MOVLW      212
0x0076	0x00B0      	MOVWF      FARG_Lcd_Chr_row
0x0077	0x288E      	GOTO       L_Lcd_Chr5
;__Lib_Lcd.c,71 :: 		
L_Lcd_Chr10:
0x0078	0x3080      	MOVLW      128
0x0079	0x00B0      	MOVWF      FARG_Lcd_Chr_row
;__Lib_Lcd.c,72 :: 		
0x007A	0x288E      	GOTO       L_Lcd_Chr5
L_Lcd_Chr4:
0x007B	0x1283      	BCF        STATUS, 5
0x007C	0x1303      	BCF        STATUS, 6
0x007D	0x0830      	MOVF       FARG_Lcd_Chr_row, 0
0x007E	0x3A01      	XORLW      1
0x007F	0x1903      	BTFSC      STATUS, 2
0x0080	0x286A      	GOTO       L_Lcd_Chr6
0x0081	0x0830      	MOVF       FARG_Lcd_Chr_row, 0
0x0082	0x3A02      	XORLW      2
0x0083	0x1903      	BTFSC      STATUS, 2
0x0084	0x286F      	GOTO       L_Lcd_Chr7
0x0085	0x0830      	MOVF       FARG_Lcd_Chr_row, 0
0x0086	0x3A03      	XORLW      3
0x0087	0x1903      	BTFSC      STATUS, 2
0x0088	0x2872      	GOTO       L_Lcd_Chr8
0x0089	0x0830      	MOVF       FARG_Lcd_Chr_row, 0
0x008A	0x3A04      	XORLW      4
0x008B	0x1903      	BTFSC      STATUS, 2
0x008C	0x2875      	GOTO       L_Lcd_Chr9
0x008D	0x2878      	GOTO       L_Lcd_Chr10
L_Lcd_Chr5:
;__Lib_Lcd.c,74 :: 		
0x008E	0x0331      	DECF       FARG_Lcd_Chr_column, 0
0x008F	0x00F0      	MOVWF      R0
0x0090	0x0830      	MOVF       FARG_Lcd_Chr_row, 0
0x0091	0x07F0      	ADDWF      R0, 1
0x0092	0x0870      	MOVF       R0, 0
0x0093	0x00B0      	MOVWF      FARG_Lcd_Chr_row
;__Lib_Lcd.c,76 :: 		
0x0094	0x1429      	BSF        __Lib_Lcd_cmd_status, BitPos(__Lib_Lcd_cmd_status+0)
;__Lib_Lcd.c,77 :: 		
0x0095	0x0870      	MOVF       R0, 0
0x0096	0x00B3      	MOVWF      FARG_Lcd_Cmd_out_char
0x0097	0x201A      	CALL       _Lcd_Cmd
;__Lib_Lcd.c,79 :: 		
0x0098	0x1029      	BCF        __Lib_Lcd_cmd_status, BitPos(__Lib_Lcd_cmd_status+0)
;__Lib_Lcd.c,80 :: 		
0x0099	0x0832      	MOVF       FARG_Lcd_Chr_out_char, 0
0x009A	0x00B3      	MOVWF      FARG_Lcd_Cmd_out_char
0x009B	0x201A      	CALL       _Lcd_Cmd
;__Lib_Lcd.c,81 :: 		
0x009C	0x1429      	BSF        __Lib_Lcd_cmd_status, BitPos(__Lib_Lcd_cmd_status+0)
;__Lib_Lcd.c,82 :: 		
L_end_Lcd_Chr:
0x009D	0x0008      	RETURN
; end of _Lcd_Chr
_Midinfiz:
;Superman.c,53 :: 		void Midinfiz(char pos_row, char pos_char) {
;Superman.c,55 :: 		Lcd_Cmd(104);
0x009E	0x3068      	MOVLW      104
0x009F	0x1283      	BCF        STATUS, 5
0x00A0	0x1303      	BCF        STATUS, 6
0x00A1	0x00B3      	MOVWF      FARG_Lcd_Cmd_out_char
0x00A2	0x201A      	CALL       _Lcd_Cmd
;Superman.c,56 :: 		for (i = 0; i<=7; i++) Lcd_Chr_CP(Superman6[i]);
0x00A3	0x01AE      	CLRF       Midinfiz_i_L0
L_Midinfiz15:
0x00A4	0x082E      	MOVF       Midinfiz_i_L0, 0
0x00A5	0x3C07      	SUBLW      7
0x00A6	0x1C03      	BTFSS      STATUS, 0
0x00A7	0x28BA      	GOTO       L_Midinfiz16
0x00A8	0x082E      	MOVF       Midinfiz_i_L0, 0
0x00A9	0x3EE1      	ADDLW      _Superman6
0x00AA	0x00F0      	MOVWF      R0
0x00AB	0x3002      	MOVLW      hi_addr(_Superman6)
0x00AC	0x1803      	BTFSC      STATUS, 0
0x00AD	0x3E01      	ADDLW      1
0x00AE	0x00F1      	MOVWF      R0+1
0x00AF	0x0870      	MOVF       R0, 0
0x00B0	0x00AA      	MOVWF      ___DoICPAddr
0x00B1	0x0871      	MOVF       R0+1, 0
0x00B2	0x00AB      	MOVWF      ___DoICPAddr+1
0x00B3	0x205A      	CALL       _____DoICP
0x00B4	0x118A      	BCF        PCLATH, 3
0x00B5	0x120A      	BCF        PCLATH, 4
0x00B6	0x00B0      	MOVWF      FARG_Lcd_Chr_CP_out_char
0x00B7	0x2061      	CALL       _Lcd_Chr_CP
0x00B8	0x0AAE      	INCF       Midinfiz_i_L0, 1
0x00B9	0x28A4      	GOTO       L_Midinfiz15
L_Midinfiz16:
;Superman.c,57 :: 		Lcd_Cmd(_LCD_RETURN_HOME);
0x00BA	0x3002      	MOVLW      2
0x00BB	0x00B3      	MOVWF      FARG_Lcd_Cmd_out_char
0x00BC	0x201A      	CALL       _Lcd_Cmd
;Superman.c,58 :: 		Lcd_Chr(pos_row, pos_char, 5);
0x00BD	0x082C      	MOVF       FARG_Midinfiz_pos_row, 0
0x00BE	0x00B0      	MOVWF      FARG_Lcd_Chr_row
0x00BF	0x082D      	MOVF       FARG_Midinfiz_pos_char, 0
0x00C0	0x00B1      	MOVWF      FARG_Lcd_Chr_column
0x00C1	0x3005      	MOVLW      5
0x00C2	0x00B2      	MOVWF      FARG_Lcd_Chr_out_char
0x00C3	0x2069      	CALL       _Lcd_Chr
;Superman.c,59 :: 		}
L_end_Midinfiz:
0x00C4	0x0008      	RETURN
; end of _Midinfiz
_Midsupder:
;Superman.c,24 :: 		void Midsupder(char pos_row, char pos_char) {
;Superman.c,26 :: 		Lcd_Cmd(80);
0x00C5	0x3050      	MOVLW      80
0x00C6	0x1283      	BCF        STATUS, 5
0x00C7	0x1303      	BCF        STATUS, 6
0x00C8	0x00B3      	MOVWF      FARG_Lcd_Cmd_out_char
0x00C9	0x201A      	CALL       _Lcd_Cmd
;Superman.c,27 :: 		for (i = 0; i<=7; i++) Lcd_Chr_CP(Superman3[i]);
0x00CA	0x01AE      	CLRF       Midsupder_i_L0
L_Midsupder6:
0x00CB	0x082E      	MOVF       Midsupder_i_L0, 0
0x00CC	0x3C07      	SUBLW      7
0x00CD	0x1C03      	BTFSS      STATUS, 0
0x00CE	0x28E1      	GOTO       L_Midsupder7
0x00CF	0x082E      	MOVF       Midsupder_i_L0, 0
0x00D0	0x3EF1      	ADDLW      _Superman3
0x00D1	0x00F0      	MOVWF      R0
0x00D2	0x3002      	MOVLW      hi_addr(_Superman3)
0x00D3	0x1803      	BTFSC      STATUS, 0
0x00D4	0x3E01      	ADDLW      1
0x00D5	0x00F1      	MOVWF      R0+1
0x00D6	0x0870      	MOVF       R0, 0
0x00D7	0x00AA      	MOVWF      ___DoICPAddr
0x00D8	0x0871      	MOVF       R0+1, 0
0x00D9	0x00AB      	MOVWF      ___DoICPAddr+1
0x00DA	0x205A      	CALL       _____DoICP
0x00DB	0x118A      	BCF        PCLATH, 3
0x00DC	0x120A      	BCF        PCLATH, 4
0x00DD	0x00B0      	MOVWF      FARG_Lcd_Chr_CP_out_char
0x00DE	0x2061      	CALL       _Lcd_Chr_CP
0x00DF	0x0AAE      	INCF       Midsupder_i_L0, 1
0x00E0	0x28CB      	GOTO       L_Midsupder6
L_Midsupder7:
;Superman.c,28 :: 		Lcd_Cmd(_LCD_RETURN_HOME);
0x00E1	0x3002      	MOVLW      2
0x00E2	0x00B3      	MOVWF      FARG_Lcd_Cmd_out_char
0x00E3	0x201A      	CALL       _Lcd_Cmd
;Superman.c,29 :: 		Lcd_Chr(pos_row, pos_char, 2);
0x00E4	0x082C      	MOVF       FARG_Midsupder_pos_row, 0
0x00E5	0x00B0      	MOVWF      FARG_Lcd_Chr_row
0x00E6	0x082D      	MOVF       FARG_Midsupder_pos_char, 0
0x00E7	0x00B1      	MOVWF      FARG_Lcd_Chr_column
0x00E8	0x3002      	MOVLW      2
0x00E9	0x00B2      	MOVWF      FARG_Lcd_Chr_out_char
0x00EA	0x2069      	CALL       _Lcd_Chr
;Superman.c,30 :: 		}
L_end_Midsupder:
0x00EB	0x0008      	RETURN
; end of _Midsupder
_Supiz:
;Superman.c,3 :: 		void Supiz(char pos_row, char pos_char) {
;Superman.c,5 :: 		Lcd_Cmd(64);
0x00EC	0x3040      	MOVLW      64
0x00ED	0x1283      	BCF        STATUS, 5
0x00EE	0x1303      	BCF        STATUS, 6
0x00EF	0x00B3      	MOVWF      FARG_Lcd_Cmd_out_char
0x00F0	0x201A      	CALL       _Lcd_Cmd
;Superman.c,6 :: 		for (i = 0; i<=7; i++) Lcd_Chr_CP(Superman1[i]);
0x00F1	0x01AE      	CLRF       Supiz_i_L0
L_Supiz0:
0x00F2	0x082E      	MOVF       Supiz_i_L0, 0
0x00F3	0x3C07      	SUBLW      7
0x00F4	0x1C03      	BTFSS      STATUS, 0
0x00F5	0x2908      	GOTO       L_Supiz1
0x00F6	0x082E      	MOVF       Supiz_i_L0, 0
0x00F7	0x3E01      	ADDLW      _Superman1
0x00F8	0x00F0      	MOVWF      R0
0x00F9	0x3003      	MOVLW      hi_addr(_Superman1)
0x00FA	0x1803      	BTFSC      STATUS, 0
0x00FB	0x3E01      	ADDLW      1
0x00FC	0x00F1      	MOVWF      R0+1
0x00FD	0x0870      	MOVF       R0, 0
0x00FE	0x00AA      	MOVWF      ___DoICPAddr
0x00FF	0x0871      	MOVF       R0+1, 0
0x0100	0x00AB      	MOVWF      ___DoICPAddr+1
0x0101	0x205A      	CALL       _____DoICP
0x0102	0x118A      	BCF        PCLATH, 3
0x0103	0x120A      	BCF        PCLATH, 4
0x0104	0x00B0      	MOVWF      FARG_Lcd_Chr_CP_out_char
0x0105	0x2061      	CALL       _Lcd_Chr_CP
0x0106	0x0AAE      	INCF       Supiz_i_L0, 1
0x0107	0x28F2      	GOTO       L_Supiz0
L_Supiz1:
;Superman.c,7 :: 		Lcd_Cmd(_LCD_RETURN_HOME);
0x0108	0x3002      	MOVLW      2
0x0109	0x00B3      	MOVWF      FARG_Lcd_Cmd_out_char
0x010A	0x201A      	CALL       _Lcd_Cmd
;Superman.c,8 :: 		Lcd_Chr(pos_row, pos_char, 0);
0x010B	0x082C      	MOVF       FARG_Supiz_pos_row, 0
0x010C	0x00B0      	MOVWF      FARG_Lcd_Chr_row
0x010D	0x082D      	MOVF       FARG_Supiz_pos_char, 0
0x010E	0x00B1      	MOVWF      FARG_Lcd_Chr_column
0x010F	0x01B2      	CLRF       FARG_Lcd_Chr_out_char
0x0110	0x2069      	CALL       _Lcd_Chr
;Superman.c,9 :: 		}
L_end_Supiz:
0x0111	0x0008      	RETURN
; end of _Supiz
_Supder:
;Superman.c,34 :: 		void Supder(char pos_row, char pos_char) {
;Superman.c,36 :: 		Lcd_Cmd(88);
0x0112	0x3058      	MOVLW      88
0x0113	0x1283      	BCF        STATUS, 5
0x0114	0x1303      	BCF        STATUS, 6
0x0115	0x00B3      	MOVWF      FARG_Lcd_Cmd_out_char
0x0116	0x201A      	CALL       _Lcd_Cmd
;Superman.c,37 :: 		for (i = 0; i<=7; i++) Lcd_Chr_CP(Superman4[i]);
0x0117	0x01AE      	CLRF       Supder_i_L0
L_Supder9:
0x0118	0x082E      	MOVF       Supder_i_L0, 0
0x0119	0x3C07      	SUBLW      7
0x011A	0x1C03      	BTFSS      STATUS, 0
0x011B	0x292E      	GOTO       L_Supder10
0x011C	0x082E      	MOVF       Supder_i_L0, 0
0x011D	0x3EE9      	ADDLW      _Superman4
0x011E	0x00F0      	MOVWF      R0
0x011F	0x3002      	MOVLW      hi_addr(_Superman4)
0x0120	0x1803      	BTFSC      STATUS, 0
0x0121	0x3E01      	ADDLW      1
0x0122	0x00F1      	MOVWF      R0+1
0x0123	0x0870      	MOVF       R0, 0
0x0124	0x00AA      	MOVWF      ___DoICPAddr
0x0125	0x0871      	MOVF       R0+1, 0
0x0126	0x00AB      	MOVWF      ___DoICPAddr+1
0x0127	0x205A      	CALL       _____DoICP
0x0128	0x118A      	BCF        PCLATH, 3
0x0129	0x120A      	BCF        PCLATH, 4
0x012A	0x00B0      	MOVWF      FARG_Lcd_Chr_CP_out_char
0x012B	0x2061      	CALL       _Lcd_Chr_CP
0x012C	0x0AAE      	INCF       Supder_i_L0, 1
0x012D	0x2918      	GOTO       L_Supder9
L_Supder10:
;Superman.c,38 :: 		Lcd_Cmd(_LCD_RETURN_HOME);
0x012E	0x3002      	MOVLW      2
0x012F	0x00B3      	MOVWF      FARG_Lcd_Cmd_out_char
0x0130	0x201A      	CALL       _Lcd_Cmd
;Superman.c,39 :: 		Lcd_Chr(pos_row, pos_char, 3);
0x0131	0x082C      	MOVF       FARG_Supder_pos_row, 0
0x0132	0x00B0      	MOVWF      FARG_Lcd_Chr_row
0x0133	0x082D      	MOVF       FARG_Supder_pos_char, 0
0x0134	0x00B1      	MOVWF      FARG_Lcd_Chr_column
0x0135	0x3003      	MOVLW      3
0x0136	0x00B2      	MOVWF      FARG_Lcd_Chr_out_char
0x0137	0x2069      	CALL       _Lcd_Chr
;Superman.c,40 :: 		}
L_end_Supder:
0x0138	0x0008      	RETURN
; end of _Supder
_Infder:
;Superman.c,72 :: 		void Infder(char pos_row, char pos_char) {
;Superman.c,74 :: 		Lcd_Cmd(120);
0x0139	0x3078      	MOVLW      120
0x013A	0x1283      	BCF        STATUS, 5
0x013B	0x1303      	BCF        STATUS, 6
0x013C	0x00B3      	MOVWF      FARG_Lcd_Cmd_out_char
0x013D	0x201A      	CALL       _Lcd_Cmd
;Superman.c,75 :: 		for (i = 0; i<=7; i++) Lcd_Chr_CP(Superman8[i]);
0x013E	0x01AE      	CLRF       Infder_i_L0
L_Infder21:
0x013F	0x082E      	MOVF       Infder_i_L0, 0
0x0140	0x3C07      	SUBLW      7
0x0141	0x1C03      	BTFSS      STATUS, 0
0x0142	0x2955      	GOTO       L_Infder22
0x0143	0x082E      	MOVF       Infder_i_L0, 0
0x0144	0x3EC9      	ADDLW      _Superman8
0x0145	0x00F0      	MOVWF      R0
0x0146	0x3002      	MOVLW      hi_addr(_Superman8)
0x0147	0x1803      	BTFSC      STATUS, 0
0x0148	0x3E01      	ADDLW      1
0x0149	0x00F1      	MOVWF      R0+1
0x014A	0x0870      	MOVF       R0, 0
0x014B	0x00AA      	MOVWF      ___DoICPAddr
0x014C	0x0871      	MOVF       R0+1, 0
0x014D	0x00AB      	MOVWF      ___DoICPAddr+1
0x014E	0x205A      	CALL       _____DoICP
0x014F	0x118A      	BCF        PCLATH, 3
0x0150	0x120A      	BCF        PCLATH, 4
0x0151	0x00B0      	MOVWF      FARG_Lcd_Chr_CP_out_char
0x0152	0x2061      	CALL       _Lcd_Chr_CP
0x0153	0x0AAE      	INCF       Infder_i_L0, 1
0x0154	0x293F      	GOTO       L_Infder21
L_Infder22:
;Superman.c,76 :: 		Lcd_Cmd(_LCD_RETURN_HOME);
0x0155	0x3002      	MOVLW      2
0x0156	0x00B3      	MOVWF      FARG_Lcd_Cmd_out_char
0x0157	0x201A      	CALL       _Lcd_Cmd
;Superman.c,77 :: 		Lcd_Chr(pos_row, pos_char, 7);
0x0158	0x082C      	MOVF       FARG_Infder_pos_row, 0
0x0159	0x00B0      	MOVWF      FARG_Lcd_Chr_row
0x015A	0x082D      	MOVF       FARG_Infder_pos_char, 0
0x015B	0x00B1      	MOVWF      FARG_Lcd_Chr_column
0x015C	0x3007      	MOVLW      7
0x015D	0x00B2      	MOVWF      FARG_Lcd_Chr_out_char
0x015E	0x2069      	CALL       _Lcd_Chr
;Superman.c,78 :: 		}
L_end_Infder:
0x015F	0x0008      	RETURN
; end of _Infder
_Lcd_Out:
;__Lib_Lcd.c,184 :: 		
;__Lib_Lcd.c,187 :: 		
0x0160	0x2972      	GOTO       L_Lcd_Out11
;__Lib_Lcd.c,188 :: 		
L_Lcd_Out13:
0x0161	0x3080      	MOVLW      128
0x0162	0x1283      	BCF        STATUS, 5
0x0163	0x1303      	BCF        STATUS, 6
0x0164	0x00AC      	MOVWF      FARG_Lcd_Out_row
0x0165	0x2985      	GOTO       L_Lcd_Out12
;__Lib_Lcd.c,189 :: 		
L_Lcd_Out14:
0x0166	0x30C0      	MOVLW      192
0x0167	0x00AC      	MOVWF      FARG_Lcd_Out_row
0x0168	0x2985      	GOTO       L_Lcd_Out12
;__Lib_Lcd.c,190 :: 		
L_Lcd_Out15:
0x0169	0x3094      	MOVLW      148
0x016A	0x00AC      	MOVWF      FARG_Lcd_Out_row
0x016B	0x2985      	GOTO       L_Lcd_Out12
;__Lib_Lcd.c,191 :: 		
L_Lcd_Out16:
0x016C	0x30D4      	MOVLW      212
0x016D	0x00AC      	MOVWF      FARG_Lcd_Out_row
0x016E	0x2985      	GOTO       L_Lcd_Out12
;__Lib_Lcd.c,192 :: 		
L_Lcd_Out17:
0x016F	0x3080      	MOVLW      128
0x0170	0x00AC      	MOVWF      FARG_Lcd_Out_row
;__Lib_Lcd.c,193 :: 		
0x0171	0x2985      	GOTO       L_Lcd_Out12
L_Lcd_Out11:
0x0172	0x1283      	BCF        STATUS, 5
0x0173	0x1303      	BCF        STATUS, 6
0x0174	0x082C      	MOVF       FARG_Lcd_Out_row, 0
0x0175	0x3A01      	XORLW      1
0x0176	0x1903      	BTFSC      STATUS, 2
0x0177	0x2961      	GOTO       L_Lcd_Out13
0x0178	0x082C      	MOVF       FARG_Lcd_Out_row, 0
0x0179	0x3A02      	XORLW      2
0x017A	0x1903      	BTFSC      STATUS, 2
0x017B	0x2966      	GOTO       L_Lcd_Out14
0x017C	0x082C      	MOVF       FARG_Lcd_Out_row, 0
0x017D	0x3A03      	XORLW      3
0x017E	0x1903      	BTFSC      STATUS, 2
0x017F	0x2969      	GOTO       L_Lcd_Out15
0x0180	0x082C      	MOVF       FARG_Lcd_Out_row, 0
0x0181	0x3A04      	XORLW      4
0x0182	0x1903      	BTFSC      STATUS, 2
0x0183	0x296C      	GOTO       L_Lcd_Out16
0x0184	0x296F      	GOTO       L_Lcd_Out17
L_Lcd_Out12:
;__Lib_Lcd.c,194 :: 		
0x0185	0x032D      	DECF       FARG_Lcd_Out_column, 0
0x0186	0x00F0      	MOVWF      R0
0x0187	0x082C      	MOVF       FARG_Lcd_Out_row, 0
0x0188	0x07F0      	ADDWF      R0, 1
0x0189	0x0870      	MOVF       R0, 0
0x018A	0x00AC      	MOVWF      FARG_Lcd_Out_row
;__Lib_Lcd.c,196 :: 		
0x018B	0x0870      	MOVF       R0, 0
0x018C	0x00B3      	MOVWF      FARG_Lcd_Cmd_out_char
0x018D	0x201A      	CALL       _Lcd_Cmd
;__Lib_Lcd.c,197 :: 		
0x018E	0x1029      	BCF        __Lib_Lcd_cmd_status, BitPos(__Lib_Lcd_cmd_status+0)
;__Lib_Lcd.c,198 :: 		
0x018F	0x01AF      	CLRF       Lcd_Out_i_L0
;__Lib_Lcd.c,199 :: 		
L_Lcd_Out18:
0x0190	0x082F      	MOVF       Lcd_Out_i_L0, 0
0x0191	0x072E      	ADDWF      FARG_Lcd_Out_text, 0
0x0192	0x0084      	MOVWF      FSR
0x0193	0x0800      	MOVF       INDF, 0
0x0194	0x1903      	BTFSC      STATUS, 2
0x0195	0x299E      	GOTO       L_Lcd_Out19
;__Lib_Lcd.c,200 :: 		
0x0196	0x082F      	MOVF       Lcd_Out_i_L0, 0
0x0197	0x072E      	ADDWF      FARG_Lcd_Out_text, 0
0x0198	0x0084      	MOVWF      FSR
0x0199	0x0800      	MOVF       INDF, 0
0x019A	0x00B0      	MOVWF      FARG_Lcd_Chr_CP_out_char
0x019B	0x2061      	CALL       _Lcd_Chr_CP
0x019C	0x0AAF      	INCF       Lcd_Out_i_L0, 1
0x019D	0x2990      	GOTO       L_Lcd_Out18
L_Lcd_Out19:
;__Lib_Lcd.c,201 :: 		
0x019E	0x1429      	BSF        __Lib_Lcd_cmd_status, BitPos(__Lib_Lcd_cmd_status+0)
;__Lib_Lcd.c,202 :: 		
L_end_Lcd_Out:
0x019F	0x0008      	RETURN
; end of _Lcd_Out
_Midsupiz:
;Superman.c,13 :: 		void Midsupiz(char pos_row, char pos_char) {
;Superman.c,15 :: 		Lcd_Cmd(72);
0x01A0	0x3048      	MOVLW      72
0x01A1	0x1283      	BCF        STATUS, 5
0x01A2	0x1303      	BCF        STATUS, 6
0x01A3	0x00B3      	MOVWF      FARG_Lcd_Cmd_out_char
0x01A4	0x201A      	CALL       _Lcd_Cmd
;Superman.c,16 :: 		for (i = 0; i<=7; i++) Lcd_Chr_CP(Superman2[i]);
0x01A5	0x01AE      	CLRF       Midsupiz_i_L0
L_Midsupiz3:
0x01A6	0x082E      	MOVF       Midsupiz_i_L0, 0
0x01A7	0x3C07      	SUBLW      7
0x01A8	0x1C03      	BTFSS      STATUS, 0
0x01A9	0x29BC      	GOTO       L_Midsupiz4
0x01AA	0x082E      	MOVF       Midsupiz_i_L0, 0
0x01AB	0x3EF9      	ADDLW      _Superman2
0x01AC	0x00F0      	MOVWF      R0
0x01AD	0x3002      	MOVLW      hi_addr(_Superman2)
0x01AE	0x1803      	BTFSC      STATUS, 0
0x01AF	0x3E01      	ADDLW      1
0x01B0	0x00F1      	MOVWF      R0+1
0x01B1	0x0870      	MOVF       R0, 0
0x01B2	0x00AA      	MOVWF      ___DoICPAddr
0x01B3	0x0871      	MOVF       R0+1, 0
0x01B4	0x00AB      	MOVWF      ___DoICPAddr+1
0x01B5	0x205A      	CALL       _____DoICP
0x01B6	0x118A      	BCF        PCLATH, 3
0x01B7	0x120A      	BCF        PCLATH, 4
0x01B8	0x00B0      	MOVWF      FARG_Lcd_Chr_CP_out_char
0x01B9	0x2061      	CALL       _Lcd_Chr_CP
0x01BA	0x0AAE      	INCF       Midsupiz_i_L0, 1
0x01BB	0x29A6      	GOTO       L_Midsupiz3
L_Midsupiz4:
;Superman.c,17 :: 		Lcd_Cmd(_LCD_RETURN_HOME);
0x01BC	0x3002      	MOVLW      2
0x01BD	0x00B3      	MOVWF      FARG_Lcd_Cmd_out_char
0x01BE	0x201A      	CALL       _Lcd_Cmd
;Superman.c,18 :: 		Lcd_Chr(pos_row, pos_char, 1);
0x01BF	0x082C      	MOVF       FARG_Midsupiz_pos_row, 0
0x01C0	0x00B0      	MOVWF      FARG_Lcd_Chr_row
0x01C1	0x082D      	MOVF       FARG_Midsupiz_pos_char, 0
0x01C2	0x00B1      	MOVWF      FARG_Lcd_Chr_column
0x01C3	0x3001      	MOVLW      1
0x01C4	0x00B2      	MOVWF      FARG_Lcd_Chr_out_char
0x01C5	0x2069      	CALL       _Lcd_Chr
;Superman.c,19 :: 		}
L_end_Midsupiz:
0x01C6	0x0008      	RETURN
; end of _Midsupiz
_Infiz:
;Superman.c,44 :: 		void Infiz(char pos_row, char pos_char) {
;Superman.c,46 :: 		Lcd_Cmd(96);
0x01C7	0x3060      	MOVLW      96
0x01C8	0x1283      	BCF        STATUS, 5
0x01C9	0x1303      	BCF        STATUS, 6
0x01CA	0x00B3      	MOVWF      FARG_Lcd_Cmd_out_char
0x01CB	0x201A      	CALL       _Lcd_Cmd
;Superman.c,47 :: 		for (i = 0; i<=7; i++) Lcd_Chr_CP(Superman5[i]);
0x01CC	0x01AE      	CLRF       Infiz_i_L0
L_Infiz12:
0x01CD	0x082E      	MOVF       Infiz_i_L0, 0
0x01CE	0x3C07      	SUBLW      7
0x01CF	0x1C03      	BTFSS      STATUS, 0
0x01D0	0x29E3      	GOTO       L_Infiz13
0x01D1	0x082E      	MOVF       Infiz_i_L0, 0
0x01D2	0x3ED1      	ADDLW      _Superman5
0x01D3	0x00F0      	MOVWF      R0
0x01D4	0x3002      	MOVLW      hi_addr(_Superman5)
0x01D5	0x1803      	BTFSC      STATUS, 0
0x01D6	0x3E01      	ADDLW      1
0x01D7	0x00F1      	MOVWF      R0+1
0x01D8	0x0870      	MOVF       R0, 0
0x01D9	0x00AA      	MOVWF      ___DoICPAddr
0x01DA	0x0871      	MOVF       R0+1, 0
0x01DB	0x00AB      	MOVWF      ___DoICPAddr+1
0x01DC	0x205A      	CALL       _____DoICP
0x01DD	0x118A      	BCF        PCLATH, 3
0x01DE	0x120A      	BCF        PCLATH, 4
0x01DF	0x00B0      	MOVWF      FARG_Lcd_Chr_CP_out_char
0x01E0	0x2061      	CALL       _Lcd_Chr_CP
0x01E1	0x0AAE      	INCF       Infiz_i_L0, 1
0x01E2	0x29CD      	GOTO       L_Infiz12
L_Infiz13:
;Superman.c,48 :: 		Lcd_Cmd(_LCD_RETURN_HOME);
0x01E3	0x3002      	MOVLW      2
0x01E4	0x00B3      	MOVWF      FARG_Lcd_Cmd_out_char
0x01E5	0x201A      	CALL       _Lcd_Cmd
;Superman.c,49 :: 		Lcd_Chr(pos_row, pos_char, 4);
0x01E6	0x082C      	MOVF       FARG_Infiz_pos_row, 0
0x01E7	0x00B0      	MOVWF      FARG_Lcd_Chr_row
0x01E8	0x082D      	MOVF       FARG_Infiz_pos_char, 0
0x01E9	0x00B1      	MOVWF      FARG_Lcd_Chr_column
0x01EA	0x3004      	MOVLW      4
0x01EB	0x00B2      	MOVWF      FARG_Lcd_Chr_out_char
0x01EC	0x2069      	CALL       _Lcd_Chr
;Superman.c,50 :: 		}
L_end_Infiz:
0x01ED	0x0008      	RETURN
; end of _Infiz
_Midinfder:
;Superman.c,63 :: 		void Midinfder(char pos_row, char pos_char) {
;Superman.c,65 :: 		Lcd_Cmd(112);
0x01EE	0x3070      	MOVLW      112
0x01EF	0x1283      	BCF        STATUS, 5
0x01F0	0x1303      	BCF        STATUS, 6
0x01F1	0x00B3      	MOVWF      FARG_Lcd_Cmd_out_char
0x01F2	0x201A      	CALL       _Lcd_Cmd
;Superman.c,66 :: 		for (i = 0; i<=7; i++) Lcd_Chr_CP(Superman7[i]);
0x01F3	0x01AE      	CLRF       Midinfder_i_L0
L_Midinfder18:
0x01F4	0x082E      	MOVF       Midinfder_i_L0, 0
0x01F5	0x3C07      	SUBLW      7
0x01F6	0x1C03      	BTFSS      STATUS, 0
0x01F7	0x2A0A      	GOTO       L_Midinfder19
0x01F8	0x082E      	MOVF       Midinfder_i_L0, 0
0x01F9	0x3ED9      	ADDLW      _Superman7
0x01FA	0x00F0      	MOVWF      R0
0x01FB	0x3002      	MOVLW      hi_addr(_Superman7)
0x01FC	0x1803      	BTFSC      STATUS, 0
0x01FD	0x3E01      	ADDLW      1
0x01FE	0x00F1      	MOVWF      R0+1
0x01FF	0x0870      	MOVF       R0, 0
0x0200	0x00AA      	MOVWF      ___DoICPAddr
0x0201	0x0871      	MOVF       R0+1, 0
0x0202	0x00AB      	MOVWF      ___DoICPAddr+1
0x0203	0x205A      	CALL       _____DoICP
0x0204	0x118A      	BCF        PCLATH, 3
0x0205	0x120A      	BCF        PCLATH, 4
0x0206	0x00B0      	MOVWF      FARG_Lcd_Chr_CP_out_char
0x0207	0x2061      	CALL       _Lcd_Chr_CP
0x0208	0x0AAE      	INCF       Midinfder_i_L0, 1
0x0209	0x29F4      	GOTO       L_Midinfder18
L_Midinfder19:
;Superman.c,67 :: 		Lcd_Cmd(_LCD_RETURN_HOME);
0x020A	0x3002      	MOVLW      2
0x020B	0x00B3      	MOVWF      FARG_Lcd_Cmd_out_char
0x020C	0x201A      	CALL       _Lcd_Cmd
;Superman.c,68 :: 		Lcd_Chr(pos_row, pos_char, 6);
0x020D	0x082C      	MOVF       FARG_Midinfder_pos_row, 0
0x020E	0x00B0      	MOVWF      FARG_Lcd_Chr_row
0x020F	0x082D      	MOVF       FARG_Midinfder_pos_char, 0
0x0210	0x00B1      	MOVWF      FARG_Lcd_Chr_column
0x0211	0x3006      	MOVLW      6
0x0212	0x00B2      	MOVWF      FARG_Lcd_Chr_out_char
0x0213	0x2069      	CALL       _Lcd_Chr
;Superman.c,69 :: 		}
L_end_Midinfder:
0x0214	0x0008      	RETURN
; end of _Midinfder
___CC2DW:
;__Lib_System.c,134 :: 		
;__Lib_System.c,137 :: 		
_CC2D_Loop1:
;__Lib_System.c,139 :: 		
0x0215	0x205A      	CALL       _____DoICP
0x0216	0x118A      	BCF        PCLATH, 3
0x0217	0x120A      	BCF        PCLATH, 4
;__Lib_System.c,141 :: 		
0x0218	0x0080      	MOVWF      INDF
;__Lib_System.c,142 :: 		
0x0219	0x0A84      	INCF       FSR, 1
;__Lib_System.c,143 :: 		
0x021A	0x0AAA      	INCF       ___DoICPAddr, 1
;__Lib_System.c,145 :: 		
0x021B	0x1903      	BTFSC      STATUS, 2
;__Lib_System.c,146 :: 		
0x021C	0x0AAB      	INCF       ___DoICPAddr+1, 1
;__Lib_System.c,147 :: 		
0x021D	0x03F0      	DECF       R0, 1
;__Lib_System.c,149 :: 		
0x021E	0x1D03      	BTFSS      STATUS, 2
;__Lib_System.c,150 :: 		
0x021F	0x2A15      	GOTO       _CC2D_Loop1
;__Lib_System.c,152 :: 		
L_end___CC2DW:
0x0220	0x0008      	RETURN
; end of ___CC2DW
_Lcd_Init:
;__Lib_Lcd.c,84 :: 		
;__Lib_Lcd.c,86 :: 		
0x0221	0x1683      	BSF        STATUS, 5
0x0222	0x1303      	BCF        STATUS, 6
0x0223	0x1286      	BCF        LCD_EN_Direction, BitPos(LCD_EN_Direction+0)
;__Lib_Lcd.c,87 :: 		
0x0224	0x1206      	BCF        LCD_RS_Direction, BitPos(LCD_RS_Direction+0)
;__Lib_Lcd.c,88 :: 		
0x0225	0x1006      	BCF        LCD_D4_Direction, BitPos(LCD_D4_Direction+0)
;__Lib_Lcd.c,89 :: 		
0x0226	0x1086      	BCF        LCD_D5_Direction, BitPos(LCD_D5_Direction+0)
;__Lib_Lcd.c,90 :: 		
0x0227	0x1106      	BCF        LCD_D6_Direction, BitPos(LCD_D6_Direction+0)
;__Lib_Lcd.c,91 :: 		
0x0228	0x1186      	BCF        LCD_D7_Direction, BitPos(LCD_D7_Direction+0)
;__Lib_Lcd.c,93 :: 		
0x0229	0x1283      	BCF        STATUS, 5
0x022A	0x1286      	BCF        LCD_EN, BitPos(LCD_EN+0)
;__Lib_Lcd.c,94 :: 		
0x022B	0x1206      	BCF        LCD_RS, BitPos(LCD_RS+0)
;__Lib_Lcd.c,95 :: 		
0x022C	0x1186      	BCF        LCD_D7, BitPos(LCD_D7+0)
;__Lib_Lcd.c,96 :: 		
0x022D	0x1106      	BCF        LCD_D6, BitPos(LCD_D6+0)
;__Lib_Lcd.c,97 :: 		
0x022E	0x1086      	BCF        LCD_D5, BitPos(LCD_D5+0)
;__Lib_Lcd.c,98 :: 		
0x022F	0x1006      	BCF        LCD_D4, BitPos(LCD_D4+0)
;__Lib_Lcd.c,100 :: 		
0x0230	0x2006      	CALL       _Delay_5500us
;__Lib_Lcd.c,101 :: 		
0x0231	0x2006      	CALL       _Delay_5500us
;__Lib_Lcd.c,102 :: 		
0x0232	0x2006      	CALL       _Delay_5500us
;__Lib_Lcd.c,105 :: 		
0x0233	0x1486      	BSF        LCD_D5, BitPos(LCD_D5+0)
;__Lib_Lcd.c,106 :: 		
0x0234	0x1406      	BSF        LCD_D4, BitPos(LCD_D4+0)
;__Lib_Lcd.c,107 :: 		
0x0235	0x1686      	BSF        LCD_EN, BitPos(LCD_EN+0)
;__Lib_Lcd.c,108 :: 		
0x0236	0x2003      	CALL       _Delay_1us
;__Lib_Lcd.c,109 :: 		
0x0237	0x1286      	BCF        LCD_EN, BitPos(LCD_EN+0)
;__Lib_Lcd.c,110 :: 		
0x0238	0x2006      	CALL       _Delay_5500us
;__Lib_Lcd.c,112 :: 		
0x0239	0x1686      	BSF        LCD_EN, BitPos(LCD_EN+0)
;__Lib_Lcd.c,113 :: 		
0x023A	0x2003      	CALL       _Delay_1us
;__Lib_Lcd.c,114 :: 		
0x023B	0x1286      	BCF        LCD_EN, BitPos(LCD_EN+0)
;__Lib_Lcd.c,115 :: 		
0x023C	0x2006      	CALL       _Delay_5500us
;__Lib_Lcd.c,117 :: 		
0x023D	0x1686      	BSF        LCD_EN, BitPos(LCD_EN+0)
;__Lib_Lcd.c,118 :: 		
0x023E	0x2003      	CALL       _Delay_1us
;__Lib_Lcd.c,119 :: 		
0x023F	0x1286      	BCF        LCD_EN, BitPos(LCD_EN+0)
;__Lib_Lcd.c,120 :: 		
0x0240	0x2006      	CALL       _Delay_5500us
;__Lib_Lcd.c,123 :: 		
0x0241	0x1006      	BCF        LCD_D4, BitPos(LCD_D4+0)
;__Lib_Lcd.c,124 :: 		
0x0242	0x1686      	BSF        LCD_EN, BitPos(LCD_EN+0)
;__Lib_Lcd.c,125 :: 		
0x0243	0x2003      	CALL       _Delay_1us
;__Lib_Lcd.c,126 :: 		
0x0244	0x1286      	BCF        LCD_EN, BitPos(LCD_EN+0)
;__Lib_Lcd.c,127 :: 		
0x0245	0x2006      	CALL       _Delay_5500us
;__Lib_Lcd.c,130 :: 		
0x0246	0x1686      	BSF        LCD_EN, BitPos(LCD_EN+0)
;__Lib_Lcd.c,131 :: 		
0x0247	0x2003      	CALL       _Delay_1us
;__Lib_Lcd.c,132 :: 		
0x0248	0x1286      	BCF        LCD_EN, BitPos(LCD_EN+0)
;__Lib_Lcd.c,134 :: 		
0x0249	0x1086      	BCF        LCD_D5, BitPos(LCD_D5+0)
;__Lib_Lcd.c,135 :: 		
0x024A	0x1586      	BSF        LCD_D7, BitPos(LCD_D7+0)
;__Lib_Lcd.c,136 :: 		
0x024B	0x1686      	BSF        LCD_EN, BitPos(LCD_EN+0)
;__Lib_Lcd.c,137 :: 		
0x024C	0x2003      	CALL       _Delay_1us
;__Lib_Lcd.c,138 :: 		
0x024D	0x1286      	BCF        LCD_EN, BitPos(LCD_EN+0)
;__Lib_Lcd.c,139 :: 		
0x024E	0x2006      	CALL       _Delay_5500us
;__Lib_Lcd.c,142 :: 		
0x024F	0x1186      	BCF        LCD_D7, BitPos(LCD_D7+0)
;__Lib_Lcd.c,143 :: 		
0x0250	0x1406      	BSF        LCD_D4, BitPos(LCD_D4+0)
;__Lib_Lcd.c,144 :: 		
0x0251	0x1686      	BSF        LCD_EN, BitPos(LCD_EN+0)
;__Lib_Lcd.c,145 :: 		
0x0252	0x2003      	CALL       _Delay_1us
;__Lib_Lcd.c,146 :: 		
0x0253	0x1286      	BCF        LCD_EN, BitPos(LCD_EN+0)
;__Lib_Lcd.c,148 :: 		
0x0254	0x1006      	BCF        LCD_D4, BitPos(LCD_D4+0)
;__Lib_Lcd.c,149 :: 		
0x0255	0x1686      	BSF        LCD_EN, BitPos(LCD_EN+0)
;__Lib_Lcd.c,150 :: 		
0x0256	0x2003      	CALL       _Delay_1us
;__Lib_Lcd.c,151 :: 		
0x0257	0x1286      	BCF        LCD_EN, BitPos(LCD_EN+0)
;__Lib_Lcd.c,152 :: 		
0x0258	0x2006      	CALL       _Delay_5500us
;__Lib_Lcd.c,155 :: 		
0x0259	0x1686      	BSF        LCD_EN, BitPos(LCD_EN+0)
;__Lib_Lcd.c,156 :: 		
0x025A	0x2003      	CALL       _Delay_1us
;__Lib_Lcd.c,157 :: 		
0x025B	0x1286      	BCF        LCD_EN, BitPos(LCD_EN+0)
;__Lib_Lcd.c,159 :: 		
0x025C	0x1406      	BSF        LCD_D4, BitPos(LCD_D4+0)
;__Lib_Lcd.c,160 :: 		
0x025D	0x1686      	BSF        LCD_EN, BitPos(LCD_EN+0)
;__Lib_Lcd.c,161 :: 		
0x025E	0x2003      	CALL       _Delay_1us
;__Lib_Lcd.c,162 :: 		
0x025F	0x1286      	BCF        LCD_EN, BitPos(LCD_EN+0)
;__Lib_Lcd.c,163 :: 		
0x0260	0x2006      	CALL       _Delay_5500us
;__Lib_Lcd.c,166 :: 		
0x0261	0x1006      	BCF        LCD_D4, BitPos(LCD_D4+0)
;__Lib_Lcd.c,167 :: 		
0x0262	0x1686      	BSF        LCD_EN, BitPos(LCD_EN+0)
;__Lib_Lcd.c,168 :: 		
0x0263	0x2003      	CALL       _Delay_1us
;__Lib_Lcd.c,169 :: 		
0x0264	0x1286      	BCF        LCD_EN, BitPos(LCD_EN+0)
;__Lib_Lcd.c,171 :: 		
0x0265	0x1586      	BSF        LCD_D7, BitPos(LCD_D7+0)
;__Lib_Lcd.c,172 :: 		
0x0266	0x1506      	BSF        LCD_D6, BitPos(LCD_D6+0)
;__Lib_Lcd.c,173 :: 		
0x0267	0x1486      	BSF        LCD_D5, BitPos(LCD_D5+0)
;__Lib_Lcd.c,174 :: 		
0x0268	0x1406      	BSF        LCD_D4, BitPos(LCD_D4+0)
;__Lib_Lcd.c,175 :: 		
0x0269	0x1686      	BSF        LCD_EN, BitPos(LCD_EN+0)
;__Lib_Lcd.c,176 :: 		
0x026A	0x2003      	CALL       _Delay_1us
;__Lib_Lcd.c,177 :: 		
0x026B	0x1286      	BCF        LCD_EN, BitPos(LCD_EN+0)
;__Lib_Lcd.c,179 :: 		
0x026C	0x2006      	CALL       _Delay_5500us
;__Lib_Lcd.c,181 :: 		
0x026D	0x1429      	BSF        __Lib_Lcd_cmd_status, BitPos(__Lib_Lcd_cmd_status+0)
;__Lib_Lcd.c,182 :: 		
L_end_Lcd_Init:
0x026E	0x0008      	RETURN
; end of _Lcd_Init
_main:
0x026F	0x3053      	MOVLW      83
0x0270	0x1283      	BCF        STATUS, 5
0x0271	0x1303      	BCF        STATUS, 6
0x0272	0x00A0      	MOVWF      ?lstr1_Superman
0x0273	0x3055      	MOVLW      85
0x0274	0x00A1      	MOVWF      33
0x0275	0x3050      	MOVLW      80
0x0276	0x00A2      	MOVWF      34
0x0277	0x3045      	MOVLW      69
0x0278	0x00A3      	MOVWF      35
0x0279	0x3052      	MOVLW      82
0x027A	0x00A4      	MOVWF      36
0x027B	0x304D      	MOVLW      77
0x027C	0x00A5      	MOVWF      37
0x027D	0x3041      	MOVLW      65
0x027E	0x00A6      	MOVWF      38
0x027F	0x304E      	MOVLW      78
0x0280	0x00A7      	MOVWF      39
0x0281	0x01A8      	CLRF       40
;Superman.c,95 :: 		void main() {
;Superman.c,96 :: 		ANSEL = 0;
0x0282	0x1683      	BSF        STATUS, 5
0x0283	0x1703      	BSF        STATUS, 6
0x0284	0x0188      	CLRF       ANSEL
;Superman.c,97 :: 		ANSELH = 0;
0x0285	0x0189      	CLRF       ANSELH
;Superman.c,98 :: 		TRISB = 0;
0x0286	0x0186      	CLRF       TRISB
;Superman.c,100 :: 		Lcd_Init();
0x0287	0x2221      	CALL       _Lcd_Init
;Superman.c,101 :: 		Lcd_Cmd(_LCD_CURSOR_OFF);
0x0288	0x300C      	MOVLW      12
0x0289	0x00B3      	MOVWF      FARG_Lcd_Cmd_out_char
0x028A	0x201A      	CALL       _Lcd_Cmd
;Superman.c,102 :: 		Lcd_Out(1,1,"SUPERMAN");
0x028B	0x3001      	MOVLW      1
0x028C	0x00AC      	MOVWF      FARG_Lcd_Out_row
0x028D	0x3001      	MOVLW      1
0x028E	0x00AD      	MOVWF      FARG_Lcd_Out_column
0x028F	0x3020      	MOVLW      ?lstr1_Superman
0x0290	0x00AE      	MOVWF      FARG_Lcd_Out_text
0x0291	0x2160      	CALL       _Lcd_Out
;Superman.c,104 :: 		Supiz(1,11);
0x0292	0x3001      	MOVLW      1
0x0293	0x00AC      	MOVWF      FARG_Supiz_pos_row
0x0294	0x300B      	MOVLW      11
0x0295	0x00AD      	MOVWF      FARG_Supiz_pos_char
0x0296	0x20EC      	CALL       _Supiz
;Superman.c,105 :: 		Midsupiz(1,12);
0x0297	0x3001      	MOVLW      1
0x0298	0x00AC      	MOVWF      FARG_Midsupiz_pos_row
0x0299	0x300C      	MOVLW      12
0x029A	0x00AD      	MOVWF      FARG_Midsupiz_pos_char
0x029B	0x21A0      	CALL       _Midsupiz
;Superman.c,106 :: 		Midsupder(1,13);
0x029C	0x3001      	MOVLW      1
0x029D	0x00AC      	MOVWF      FARG_Midsupder_pos_row
0x029E	0x300D      	MOVLW      13
0x029F	0x00AD      	MOVWF      FARG_Midsupder_pos_char
0x02A0	0x20C5      	CALL       _Midsupder
;Superman.c,107 :: 		Supder(1,14);
0x02A1	0x3001      	MOVLW      1
0x02A2	0x00AC      	MOVWF      FARG_Supder_pos_row
0x02A3	0x300E      	MOVLW      14
0x02A4	0x00AD      	MOVWF      FARG_Supder_pos_char
0x02A5	0x2112      	CALL       _Supder
;Superman.c,108 :: 		Infiz(2,11);
0x02A6	0x3002      	MOVLW      2
0x02A7	0x00AC      	MOVWF      FARG_Infiz_pos_row
0x02A8	0x300B      	MOVLW      11
0x02A9	0x00AD      	MOVWF      FARG_Infiz_pos_char
0x02AA	0x21C7      	CALL       _Infiz
;Superman.c,109 :: 		Midinfiz(2,12);
0x02AB	0x3002      	MOVLW      2
0x02AC	0x00AC      	MOVWF      FARG_Midinfiz_pos_row
0x02AD	0x300C      	MOVLW      12
0x02AE	0x00AD      	MOVWF      FARG_Midinfiz_pos_char
0x02AF	0x209E      	CALL       _Midinfiz
;Superman.c,110 :: 		Midinfder(2,13);
0x02B0	0x3002      	MOVLW      2
0x02B1	0x00AC      	MOVWF      FARG_Midinfder_pos_row
0x02B2	0x300D      	MOVLW      13
0x02B3	0x00AD      	MOVWF      FARG_Midinfder_pos_char
0x02B4	0x21EE      	CALL       _Midinfder
;Superman.c,111 :: 		Infder(2,14);
0x02B5	0x3002      	MOVLW      2
0x02B6	0x00AC      	MOVWF      FARG_Infder_pos_row
0x02B7	0x300E      	MOVLW      14
0x02B8	0x00AD      	MOVWF      FARG_Infder_pos_char
0x02B9	0x2139      	CALL       _Infder
;Superman.c,112 :: 		Delay_ms(500);
0x02BA	0x3006      	MOVLW      6
0x02BB	0x00FB      	MOVWF      R11
0x02BC	0x3013      	MOVLW      19
0x02BD	0x00FC      	MOVWF      R12
0x02BE	0x30AD      	MOVLW      173
0x02BF	0x00FD      	MOVWF      R13
L_main24:
0x02C0	0x0BFD      	DECFSZ     R13, 1
0x02C1	0x2AC0      	GOTO       L_main24
0x02C2	0x0BFC      	DECFSZ     R12, 1
0x02C3	0x2AC0      	GOTO       L_main24
0x02C4	0x0BFB      	DECFSZ     R11, 1
0x02C5	0x2AC0      	GOTO       L_main24
0x02C6	0x0000      	NOP
0x02C7	0x0000      	NOP
;Superman.c,113 :: 		}
L_end_main:
0x02C8	0x2AC8      	GOTO       $+0
; end of _main
;Superman.c,70 :: _Superman8
0x02C9	0x341C ;_Superman8+0
0x02CA	0x3418 ;_Superman8+1
0x02CB	0x3410 ;_Superman8+2
0x02CC	0x3400 ;_Superman8+3
0x02CD	0x3400 ;_Superman8+4
0x02CE	0x3400 ;_Superman8+5
0x02CF	0x3400 ;_Superman8+6
0x02D0	0x3400 ;_Superman8+7
; end of _Superman8
;Superman.c,42 :: _Superman5
0x02D1	0x3400 ;_Superman5+0
0x02D2	0x3400 ;_Superman5+1
0x02D3	0x341C ;_Superman5+2
0x02D4	0x340C ;_Superman5+3
0x02D5	0x3404 ;_Superman5+4
0x02D6	0x3400 ;_Superman5+5
0x02D7	0x3400 ;_Superman5+6
0x02D8	0x3400 ;_Superman5+7
; end of _Superman5
;Superman.c,61 :: _Superman7
0x02D9	0x3400 ;_Superman7+0
0x02DA	0x3402 ;_Superman7+1
0x02DB	0x3406 ;_Superman7+2
0x02DC	0x341E ;_Superman7+3
0x02DD	0x340E ;_Superman7+4
0x02DE	0x341C ;_Superman7+5
0x02DF	0x3418 ;_Superman7+6
0x02E0	0x3410 ;_Superman7+7
; end of _Superman7
;Superman.c,51 :: _Superman6
0x02E1	0x3400 ;_Superman6+0
0x02E2	0x3416 ;_Superman6+1
0x02E3	0x341F ;_Superman6+2
0x02E4	0x341C ;_Superman6+3
0x02E5	0x340E ;_Superman6+4
0x02E6	0x3407 ;_Superman6+5
0x02E7	0x3403 ;_Superman6+6
0x02E8	0x3401 ;_Superman6+7
; end of _Superman6
;Superman.c,32 :: _Superman4
0x02E9	0x3400 ;_Superman4+0
0x02EA	0x3418 ;_Superman4+1
0x02EB	0x341E ;_Superman4+2
0x02EC	0x341E ;_Superman4+3
0x02ED	0x3417 ;_Superman4+4
0x02EE	0x3403 ;_Superman4+5
0x02EF	0x3407 ;_Superman4+6
0x02F0	0x3416 ;_Superman4+7
; end of _Superman4
;Superman.c,22 :: _Superman3
0x02F1	0x3400 ;_Superman3+0
0x02F2	0x341F ;_Superman3+1
0x02F3	0x341F ;_Superman3+2
0x02F4	0x3406 ;_Superman3+3
0x02F5	0x3403 ;_Superman3+4
0x02F6	0x3400 ;_Superman3+5
0x02F7	0x341F ;_Superman3+6
0x02F8	0x341F ;_Superman3+7
; end of _Superman3
;Superman.c,11 :: _Superman2
0x02F9	0x3400 ;_Superman2+0
0x02FA	0x341F ;_Superman2+1
0x02FB	0x341F ;_Superman2+2
0x02FC	0x3418 ;_Superman2+3
0x02FD	0x3410 ;_Superman2+4
0x02FE	0x3410 ;_Superman2+5
0x02FF	0x341F ;_Superman2+6
0x0300	0x341F ;_Superman2+7
; end of _Superman2
;Superman.c,1 :: _Superman1
0x0301	0x3400 ;_Superman1+0
0x0302	0x3403 ;_Superman1+1
0x0303	0x3407 ;_Superman1+2
0x0304	0x340E ;_Superman1+3
0x0305	0x341D ;_Superman1+4
0x0306	0x3419 ;_Superman1+5
0x0307	0x341D ;_Superman1+6
0x0308	0x340F ;_Superman1+7
; end of _Superman1
Symbol List:
//** Routines locations **
//ADDRESS    SIZE    PROCEDURE
//----------------------------------------------
0x0003       [3]    _Delay_1us
0x0006      [13]    _Delay_5500us
0x0013       [7]    _Delay_50us
0x001A      [64]    _Lcd_Cmd
0x005A       [7]    _____DoICP
0x0061       [8]    _Lcd_Chr_CP
0x0069      [53]    _Lcd_Chr
0x009E      [39]    _Midinfiz
0x00C5      [39]    _Midsupder
0x00EC      [38]    _Supiz
0x0112      [39]    _Supder
0x0139      [39]    _Infder
0x0160      [64]    _Lcd_Out
0x01A0      [39]    _Midsupiz
0x01C7      [39]    _Infiz
0x01EE      [39]    _Midinfder
0x0215      [12]    ___CC2DW
0x0221      [78]    _Lcd_Init
0x026F      [90]    _main
//** Variables locations ** 
//ADDRESS    SIZE    VARIABLE
//----------------------------------------------
0x0000       [1]    INDF
0x0002       [1]    PCL
0x0003       [1]    STATUS
0x0004       [1]    FSR
0x0006       [0]    RB4_bit
0x0006       [0]    RB3_bit
0x0006       [0]    LCD_RS
0x0006       [0]    RB5_bit
0x0006       [0]    LCD_D4
0x0006       [0]    RB0_bit
0x0006       [0]    LCD_D5
0x0006       [0]    LCD_D6
0x0006       [0]    LCD_D7
0x0006       [0]    RB2_bit
0x0006       [0]    RB1_bit
0x0006       [0]    LCD_EN
0x000A       [1]    PCLATH
0x0020       [9]    ?lstr1_Superman
0x0029       [0]    __Lib_Lcd_cmd_status
0x002A       [2]    ___DoICPAddr
0x002C       [1]    FARG_Supder_pos_row
0x002C       [1]    FARG_Midsupder_pos_row
0x002C       [1]    FARG_Lcd_Out_row
0x002C       [1]    FARG_Infder_pos_row
0x002C       [1]    FARG_Supiz_pos_row
0x002C       [1]    FARG_Midsupiz_pos_row
0x002C       [1]    FARG_Infiz_pos_row
0x002C       [1]    FARG_Midinfiz_pos_row
0x002C       [1]    FARG_Midinfder_pos_row
0x002D       [1]    FARG_Midsupder_pos_char
0x002D       [1]    FARG_Infder_pos_char
0x002D       [1]    FARG_Supiz_pos_char
0x002D       [1]    FARG_Supder_pos_char
0x002D       [1]    FARG_Midsupiz_pos_char
0x002D       [1]    FARG_Infiz_pos_char
0x002D       [1]    FARG_Lcd_Out_column
0x002D       [1]    FARG_Midinfder_pos_char
0x002D       [1]    FARG_Midinfiz_pos_char
0x002E       [1]    Supder_i_L0
0x002E       [1]    Infiz_i_L0
0x002E       [1]    Infder_i_L0
0x002E       [1]    FARG_Lcd_Out_text
0x002E       [1]    Supiz_i_L0
0x002E       [1]    Midinfder_i_L0
0x002E       [1]    Midinfiz_i_L0
0x002E       [1]    Midsupiz_i_L0
0x002E       [1]    Midsupder_i_L0
0x002F       [1]    Lcd_Out_i_L0
0x0030       [1]    FARG_Lcd_Chr_CP_out_char
0x0030       [1]    FARG_Lcd_Chr_row
0x0031       [1]    FARG_Lcd_Chr_column
0x0032       [1]    FARG_Lcd_Chr_out_char
0x0033       [1]    FARG_Lcd_Cmd_out_char
0x0070       [1]    R0
0x0071       [1]    R1
0x0072       [1]    R2
0x0073       [1]    R3
0x0074       [1]    R4
0x0075       [1]    R5
0x0076       [1]    R6
0x0077       [1]    R7
0x0078       [1]    R8
0x0079       [1]    R9
0x007A       [1]    R10
0x007B       [1]    R11
0x007C       [1]    R12
0x007D       [1]    R13
0x007E       [1]    R14
0x007F       [1]    R15
0x0086       [0]    LCD_EN_Direction
0x0086       [0]    LCD_RS_Direction
0x0086       [0]    LCD_D6_Direction
0x0086       [0]    LCD_D7_Direction
0x0086       [0]    LCD_D4_Direction
0x0086       [0]    LCD_D5_Direction
0x0086       [0]    TRISB1_bit
0x0086       [0]    TRISB2_bit
0x0086       [0]    TRISB0_bit
0x0086       [0]    TRISB5_bit
0x0086       [1]    TRISB
0x0086       [0]    TRISB3_bit
0x0086       [0]    TRISB4_bit
0x0188       [1]    ANSEL
0x0189       [1]    ANSELH
//** Constants locations ** 
//ADDRESS    SIZE    CONSTANT
//----------------------------------------------
0x02C9       [8]    _Superman8
0x02D1       [8]    _Superman5
0x02D9       [8]    _Superman7
0x02E1       [8]    _Superman6
0x02E9       [8]    _Superman4
0x02F1       [8]    _Superman3
0x02F9       [8]    _Superman2
0x0301       [8]    _Superman1
//** Label List: ** 
//----------------------------------------------
  L_Supiz0
  L_Supiz1
  L_Supiz2
  L_Midsupiz3
  L_Midsupiz4
  L_Midsupiz5
  L_Midsupder6
  L_Midsupder7
  L_Midsupder8
  L_Supder9
  L_Supder10
  L_Supder11
  L_Infiz12
  L_Infiz13
  L_Infiz14
  L_Midinfiz15
  L_Midinfiz16
  L_Midinfiz17
  L_Midinfder18
  L_Midinfder19
  L_Midinfder20
  L_Infder21
  L_Infder22
  L_Infder23
  L_main24
  L_end_Supiz
  _Supiz
  L_end_Midsupiz
  _Midsupiz
  L_end_Midsupder
  _Midsupder
  L_end_Supder
  _Supder
  L_end_Infiz
  _Infiz
  L_end_Midinfiz
  _Midinfiz
  L_end_Midinfder
  _Midinfder
  L_end_Infder
  _Infder
  L_end_main
  _main
  L_Delay_10us0
  L_Delay_22us1
  L_Delay_50us2
  L_Delay_80us3
  L_Delay_500us4
  L_Delay_5500us5
  L_Delay_1ms6
  L_Delay_5ms7
  L_Delay_8ms8
  L_Delay_10ms9
  L_Delay_100ms10
  L_Delay_1sec11
  L_boot16_Delay_5ms12
  L_Delay_Cyc13
  L_Delay_Cyc14
  L_VDelay_ms15
  L_VDelay_ms16
  L_VDelay_ms17
  L_VDelay_Advanced_ms18
  L_VDelay_Advanced_ms19
  L_VDelay_Advanced_ms20
  L_end_Get_Fosc_kHz
  _Get_Fosc_kHz
  L_end_Delay_1us
  _Delay_1us
  L_end_Delay_10us
  _Delay_10us
  L_end_Delay_22us
  _Delay_22us
  L_end_Delay_50us
  _Delay_50us
  L_end_Delay_80us
  _Delay_80us
  L_end_Delay_500us
  _Delay_500us
  L_end_Delay_5500us
  _Delay_5500us
  L_end_Delay_1ms
  _Delay_1ms
  L_end_Delay_5ms
  _Delay_5ms
  L_end_Delay_8ms
  _Delay_8ms
  L_end_Delay_10ms
  _Delay_10ms
  L_end_Delay_100ms
  _Delay_100ms
  L_end_Delay_1sec
  _Delay_1sec
  L_end_boot16_Delay_5ms
  _boot16_Delay_5ms
  L_end_Delay_Cyc
  _Delay_Cyc
  L_end_VDelay_ms
  _VDelay_ms
  L__VDelay_ms38
  L__VDelay_ms39
  L__VDelay_ms40
  L_end_VDelay_Advanced_ms
  _VDelay_Advanced_ms
  L__VDelay_Advanced_ms42
  L__VDelay_Advanced_ms43
  L__VDelay_Advanced_ms44
  L_Lcd_Cmd0
  L_Lcd_Cmd1
  L_Lcd_Out_CP2
  L_Lcd_Out_CP3
  L_Lcd_Chr4
  L_Lcd_Chr5
  L_Lcd_Chr6
  L_Lcd_Chr7
  L_Lcd_Chr8
  L_Lcd_Chr9
  L_Lcd_Chr10
  L_Lcd_Out11
  L_Lcd_Out12
  L_Lcd_Out13
  L_Lcd_Out14
  L_Lcd_Out15
  L_Lcd_Out16
  L_Lcd_Out17
  L_Lcd_Out18
  L_Lcd_Out19
  L_end_Lcd_Cmd
  _Lcd_Cmd
  L__Lcd_Cmd21
  L__Lcd_Cmd22
  L__Lcd_Cmd23
  L__Lcd_Cmd24
  L__Lcd_Cmd25
  L__Lcd_Cmd26
  L__Lcd_Cmd27
  L__Lcd_Cmd28
  L__Lcd_Cmd29
  L__Lcd_Cmd30
  L__Lcd_Cmd31
  L__Lcd_Cmd32
  L__Lcd_Cmd33
  L__Lcd_Cmd34
  L__Lcd_Cmd35
  L__Lcd_Cmd36
  L__Lcd_Cmd37
  L__Lcd_Cmd38
  L__Lcd_Cmd39
  L__Lcd_Cmd40
  L_end_Lcd_Chr_CP
  _Lcd_Chr_CP
  L_end_Lcd_Out_CP
  _Lcd_Out_CP
  L_end_Lcd_Chr
  _Lcd_Chr
  L_end_Lcd_Init
  _Lcd_Init
  L_end_Lcd_Out
  _Lcd_Out
  L_loopCA2AWs
  L_CA2AWend
  _CCA2AW_Loop1
  L_loopCS2Ss
  L_CS2Send
  _CCS2S_Loop1
  L_CCS2Send
  L_loopFZinSWs
  L_FZinSend
  _CC2D_Loop1
  L_end_____DoICP
  _____DoICP
  L_end_____DoIFC
  _____DoIFC
  L_end___CA2AW
  ___CA2AW
  L_end___CCA2AW
  ___CCA2AW
  L_end___CS2S
  ___CS2S
  L_end___CCS2S
  ___CCS2S
  L_end___FZinS
  ___FZinS
  L_end___CC2DW
  ___CC2DW
  L_end_Swap
  _Swap
